<?xml version="1.0" encoding="UTF-8"?>
<coverage generated="1775551321831" clover="3.2.0">
  <project timestamp="1775551321832" name="All files">
    <metrics statements="66" coveredstatements="30" conditionals="23" coveredconditionals="15" methods="18" coveredmethods="7" elements="107" coveredelements="52" complexity="0" loc="66" ncloc="66" packages="3" files="3" classes="3"/>
    <package name="data">
      <metrics statements="36" coveredstatements="20" conditionals="2" coveredconditionals="0" methods="2" coveredmethods="1"/>
      <file name="mock-data.ts" path="D:\Proiecte\Transmarin-Logistic\src\data\mock-data.ts">
        <metrics statements="36" coveredstatements="20" conditionals="2" coveredconditionals="0" methods="2" coveredmethods="1"/>
        <line num="15" count="1" type="stmt"/>
        <line num="52" count="1" type="stmt"/>
        <line num="76" count="1" type="stmt"/>
        <line num="116" count="1" type="stmt"/>
        <line num="389" count="1" type="stmt"/>
        <line num="422" count="1" type="stmt"/>
        <line num="546" count="1" type="stmt"/>
        <line num="675" count="1" type="stmt"/>
        <line num="738" count="1" type="stmt"/>
        <line num="774" count="1" type="stmt"/>
        <line num="850" count="20" type="stmt"/>
        <line num="851" count="20" type="stmt"/>
        <line num="852" count="20" type="stmt"/>
        <line num="855" count="1" type="stmt"/>
        <line num="1048" count="1" type="stmt"/>
        <line num="1147" count="1" type="stmt"/>
        <line num="1248" count="1" type="stmt"/>
        <line num="1267" count="1" type="stmt"/>
        <line num="1268" count="1" type="stmt"/>
        <line num="1271" count="0" type="stmt"/>
        <line num="1272" count="0" type="stmt"/>
        <line num="1273" count="0" type="stmt"/>
        <line num="1274" count="0" type="stmt"/>
        <line num="1275" count="0" type="stmt"/>
        <line num="1276" count="0" type="stmt"/>
        <line num="1277" count="0" type="cond" truecount="0" falsecount="2"/>
        <line num="1278" count="0" type="stmt"/>
        <line num="1279" count="0" type="stmt"/>
        <line num="1281" count="0" type="stmt"/>
        <line num="1282" count="0" type="stmt"/>
        <line num="1283" count="0" type="stmt"/>
        <line num="1284" count="0" type="stmt"/>
        <line num="1285" count="0" type="stmt"/>
        <line num="1286" count="0" type="stmt"/>
        <line num="1287" count="0" type="stmt"/>
        <line num="1291" count="1" type="stmt"/>
      </file>
    </package>
    <package name="modules.transport.pages._components">
      <metrics statements="10" coveredstatements="10" conditionals="15" coveredconditionals="15" methods="6" coveredmethods="6"/>
      <file name="order-utils.ts" path="D:\Proiecte\Transmarin-Logistic\src\modules\transport\pages\_components\order-utils.ts">
        <metrics statements="10" coveredstatements="10" conditionals="15" coveredconditionals="15" methods="6" coveredmethods="6"/>
        <line num="13" count="6" type="stmt"/>
        <line num="23" count="22" type="cond" truecount="4" falsecount="0"/>
        <line num="24" count="1" type="stmt"/>
        <line num="28" count="4" type="stmt"/>
        <line num="29" count="4" type="stmt"/>
        <line num="31" count="1" type="stmt"/>
        <line num="36" count="60" type="stmt"/>
        <line num="40" count="14" type="stmt"/>
        <line num="54" count="12" type="cond" truecount="4" falsecount="0"/>
        <line num="55" count="11" type="stmt"/>
      </file>
    </package>
    <package name="utils">
      <metrics statements="20" coveredstatements="0" conditionals="6" coveredconditionals="0" methods="10" coveredmethods="0"/>
      <file name="local-storage.ts" path="D:\Proiecte\Transmarin-Logistic\src\utils\local-storage.ts">
        <metrics statements="20" coveredstatements="0" conditionals="6" coveredconditionals="0" methods="10" coveredmethods="0"/>
        <line num="13" count="0" type="stmt"/>
        <line num="14" count="0" type="stmt"/>
        <line num="15" count="0" type="cond" truecount="0" falsecount="2"/>
        <line num="16" count="0" type="stmt"/>
        <line num="18" count="0" type="stmt"/>
        <line num="26" count="0" type="stmt"/>
        <line num="33" count="0" type="stmt"/>
        <line num="34" count="0" type="stmt"/>
        <line num="35" count="0" type="stmt"/>
        <line num="46" count="0" type="stmt"/>
        <line num="47" count="0" type="stmt"/>
        <line num="48" count="0" type="cond" truecount="0" falsecount="2"/>
        <line num="50" count="0" type="stmt"/>
        <line num="60" count="0" type="stmt"/>
        <line num="61" count="0" type="stmt"/>
        <line num="63" count="0" type="stmt"/>
        <line num="74" count="0" type="stmt"/>
        <line num="81" count="0" type="stmt"/>
        <line num="89" count="0" type="cond" truecount="0" falsecount="2"/>
        <line num="90" count="0" type="stmt"/>
      </file>
    </package>
  </project>
</coverage>
