<?xml version="1.0" encoding="UTF-8"?>
<coverage generated="1775755002446" clover="3.2.0">
  <project timestamp="1775755002446" name="All files">
    <metrics statements="198" coveredstatements="143" conditionals="60" coveredconditionals="28" methods="71" coveredmethods="54" elements="329" coveredelements="225" complexity="0" loc="198" ncloc="198" packages="5" files="8" classes="8"/>
    <package name="components.ui">
      <metrics statements="22" coveredstatements="16" conditionals="3" coveredconditionals="2" methods="20" coveredmethods="14"/>
      <file name="button.tsx" path="D:\Proiecte\Transmarin-Logistic\src\components\ui\button.tsx">
        <metrics statements="3" coveredstatements="3" conditionals="3" coveredconditionals="2" methods="1" coveredmethods="1"/>
        <line num="6" count="1" type="stmt"/>
        <line num="47" count="90" type="cond" truecount="1" falsecount="1"/>
        <line num="49" count="90" type="stmt"/>
      </file>
      <file name="card.tsx" path="D:\Proiecte\Transmarin-Logistic\src\components\ui\card.tsx">
        <metrics statements="7" coveredstatements="4" conditionals="0" coveredconditionals="0" methods="7" coveredmethods="4"/>
        <line num="5" count="90" type="stmt"/>
        <line num="18" count="90" type="stmt"/>
        <line num="31" count="90" type="stmt"/>
        <line num="41" count="0" type="stmt"/>
        <line num="51" count="0" type="stmt"/>
        <line num="64" count="90" type="stmt"/>
        <line num="74" count="0" type="stmt"/>
      </file>
      <file name="table.tsx" path="D:\Proiecte\Transmarin-Logistic\src\components\ui\table.tsx">
        <metrics statements="8" coveredstatements="6" conditionals="0" coveredconditionals="0" methods="8" coveredmethods="6"/>
        <line num="5" count="75" type="stmt"/>
        <line num="20" count="75" type="stmt"/>
        <line num="30" count="75" type="stmt"/>
        <line num="40" count="0" type="stmt"/>
        <line num="53" count="150" type="stmt"/>
        <line num="66" count="75" type="stmt"/>
        <line num="79" count="75" type="stmt"/>
        <line num="95" count="0" type="stmt"/>
      </file>
      <file name="tabs.tsx" path="D:\Proiecte\Transmarin-Logistic\src\components\ui\tabs.tsx">
        <metrics statements="4" coveredstatements="3" conditionals="0" coveredconditionals="0" methods="4" coveredmethods="3"/>
        <line num="9" count="90" type="stmt"/>
        <line num="22" count="90" type="stmt"/>
        <line num="38" count="360" type="stmt"/>
        <line num="54" count="0" type="stmt"/>
      </file>
    </package>
    <package name="data">
      <metrics statements="36" coveredstatements="20" conditionals="2" coveredconditionals="0" methods="2" coveredmethods="1"/>
      <file name="mock-data.ts" path="D:\Proiecte\Transmarin-Logistic\src\data\mock-data.ts">
        <metrics statements="36" coveredstatements="20" conditionals="2" coveredconditionals="0" methods="2" coveredmethods="1"/>
        <line num="15" count="1" type="stmt"/>
        <line num="54" count="1" type="stmt"/>
        <line num="78" count="1" type="stmt"/>
        <line num="118" count="1" type="stmt"/>
        <line num="391" count="1" type="stmt"/>
        <line num="424" count="1" type="stmt"/>
        <line num="548" count="1" type="stmt"/>
        <line num="677" count="1" type="stmt"/>
        <line num="740" count="1" type="stmt"/>
        <line num="776" count="1" type="stmt"/>
        <line num="852" count="20" type="stmt"/>
        <line num="853" count="20" type="stmt"/>
        <line num="854" count="20" type="stmt"/>
        <line num="857" count="1" type="stmt"/>
        <line num="1050" count="1" type="stmt"/>
        <line num="1149" count="1" type="stmt"/>
        <line num="1250" count="1" type="stmt"/>
        <line num="1269" count="1" type="stmt"/>
        <line num="1270" count="1" type="stmt"/>
        <line num="1273" count="0" type="stmt"/>
        <line num="1274" count="0" type="stmt"/>
        <line num="1275" count="0" type="stmt"/>
        <line num="1276" count="0" type="stmt"/>
        <line num="1277" count="0" type="stmt"/>
        <line num="1278" count="0" type="stmt"/>
        <line num="1279" count="0" type="cond" truecount="0" falsecount="2"/>
        <line num="1280" count="0" type="stmt"/>
        <line num="1281" count="0" type="stmt"/>
        <line num="1283" count="0" type="stmt"/>
        <line num="1284" count="0" type="stmt"/>
        <line num="1285" count="0" type="stmt"/>
        <line num="1286" count="0" type="stmt"/>
        <line num="1287" count="0" type="stmt"/>
        <line num="1288" count="0" type="stmt"/>
        <line num="1289" count="0" type="stmt"/>
        <line num="1293" count="1" type="stmt"/>
      </file>
    </package>
    <package name="lib">
      <metrics statements="19" coveredstatements="1" conditionals="13" coveredconditionals="0" methods="4" coveredmethods="1"/>
      <file name="utils.ts" path="D:\Proiecte\Transmarin-Logistic\src\lib\utils.ts">
        <metrics statements="19" coveredstatements="1" conditionals="13" coveredconditionals="0" methods="4" coveredmethods="1"/>
        <line num="5" count="1515" type="stmt"/>
        <line num="13" count="0" type="stmt"/>
        <line num="14" count="0" type="stmt"/>
        <line num="16" count="0" type="cond" truecount="0" falsecount="2"/>
        <line num="18" count="0" type="stmt"/>
        <line num="19" count="0" type="cond" truecount="0" falsecount="2"/>
        <line num="20" count="0" type="stmt"/>
        <line num="23" count="0" type="stmt"/>
        <line num="24" count="0" type="stmt"/>
        <line num="26" count="0" type="stmt"/>
        <line num="27" count="0" type="stmt"/>
        <line num="29" count="0" type="stmt"/>
        <line num="31" count="0" type="cond" truecount="0" falsecount="2"/>
        <line num="33" count="0" type="cond" truecount="0" falsecount="2"/>
        <line num="34" count="0" type="cond" truecount="0" falsecount="2"/>
        <line num="36" count="0" type="stmt"/>
        <line num="38" count="0" type="cond" truecount="0" falsecount="2"/>
        <line num="40" count="0" type="stmt"/>
        <line num="42" count="0" type="stmt"/>
      </file>
    </package>
    <package name="modules.transport.pages">
      <metrics statements="101" coveredstatements="94" conditionals="36" coveredconditionals="23" methods="35" coveredmethods="32"/>
      <file name="trips.tsx" path="D:\Proiecte\Transmarin-Logistic\src\modules\transport\pages\trips.tsx">
        <metrics statements="101" coveredstatements="94" conditionals="36" coveredconditionals="23" methods="35" coveredmethods="32"/>
        <line num="49" count="90" type="stmt"/>
        <line num="52" count="90" type="stmt"/>
        <line num="53" count="26" type="stmt"/>
        <line num="54" count="26" type="stmt"/>
        <line num="55" count="26" type="stmt"/>
        <line num="57" count="90" type="stmt"/>
        <line num="61" count="90" type="stmt"/>
        <line num="62" count="90" type="stmt"/>
        <line num="63" count="90" type="stmt"/>
        <line num="64" count="90" type="stmt"/>
        <line num="65" count="90" type="stmt"/>
        <line num="66" count="90" type="cond" truecount="2" falsecount="0"/>
        <line num="68" count="90" type="stmt"/>
        <line num="69" count="90" type="stmt"/>
        <line num="70" count="90" type="stmt"/>
        <line num="71" count="90" type="stmt"/>
        <line num="72" count="90" type="stmt"/>
        <line num="73" count="90" type="stmt"/>
        <line num="74" count="90" type="stmt"/>
        <line num="75" count="90" type="stmt"/>
        <line num="76" count="90" type="stmt"/>
        <line num="77" count="90" type="stmt"/>
        <line num="79" count="90" type="stmt"/>
        <line num="80" count="90" type="stmt"/>
        <line num="84" count="90" type="stmt"/>
        <line num="86" count="90" type="stmt"/>
        <line num="87" count="39" type="stmt"/>
        <line num="88" count="39" type="stmt"/>
        <line num="89" count="39" type="stmt"/>
        <line num="90" count="39" type="stmt"/>
        <line num="93" count="90" type="stmt"/>
        <line num="94" count="26" type="stmt"/>
        <line num="97" count="90" type="stmt"/>
        <line num="98" count="26" type="cond" truecount="2" falsecount="0"/>
        <line num="99" count="5" type="stmt"/>
        <line num="109" count="21" type="cond" truecount="2" falsecount="0"/>
        <line num="110" count="1" type="stmt"/>
        <line num="118" count="20" type="stmt"/>
        <line num="122" count="90" type="stmt"/>
        <line num="124" count="9" type="stmt"/>
        <line num="126" count="9" type="stmt"/>
        <line num="127" count="9" type="stmt"/>
        <line num="129" count="9" type="cond" truecount="2" falsecount="0"/>
        <line num="130" count="3" type="stmt"/>
        <line num="132" count="3" type="stmt"/>
        <line num="133" count="3" type="stmt"/>
        <line num="135" count="3" type="stmt"/>
        <line num="137" count="3" type="stmt"/>
        <line num="138" count="3" type="stmt"/>
        <line num="140" count="3" type="stmt"/>
        <line num="141" count="6" type="cond" truecount="2" falsecount="0"/>
        <line num="142" count="3" type="stmt"/>
        <line num="144" count="3" type="stmt"/>
        <line num="145" count="3" type="stmt"/>
        <line num="147" count="3" type="stmt"/>
        <line num="149" count="3" type="stmt"/>
        <line num="150" count="3" type="stmt"/>
        <line num="152" count="3" type="stmt"/>
        <line num="153" count="3" type="cond" truecount="1" falsecount="1"/>
        <line num="154" count="3" type="stmt"/>
        <line num="156" count="9" type="stmt"/>
        <line num="157" count="9" type="stmt"/>
        <line num="162" count="90" type="stmt"/>
        <line num="163" count="4" type="stmt"/>
        <line num="164" count="4" type="stmt"/>
        <line num="167" count="90" type="stmt"/>
        <line num="168" count="3" type="cond" truecount="1" falsecount="1"/>
        <line num="169" count="3" type="stmt"/>
        <line num="170" count="3" type="stmt"/>
        <line num="171" count="3" type="stmt"/>
        <line num="172" count="3" type="stmt"/>
        <line num="173" count="3" type="stmt"/>
        <line num="174" count="3" type="stmt"/>
        <line num="177" count="90" type="stmt"/>
        <line num="178" count="3" type="stmt"/>
        <line num="179" count="3" type="stmt"/>
        <line num="182" count="90" type="stmt"/>
        <line num="183" count="3" type="stmt"/>
        <line num="184" count="3" type="stmt"/>
        <line num="188" count="90" type="stmt"/>
        <line num="189" count="360" type="stmt"/>
        <line num="191" count="90" type="stmt"/>
        <line num="192" count="90" type="stmt"/>
        <line num="219" count="90" type="stmt"/>
        <line num="235" count="90" type="stmt"/>
        <line num="251" count="0" type="cond" truecount="0" falsecount="2"/>
        <line num="252" count="0" type="stmt"/>
        <line num="253" count="0" type="cond" truecount="0" falsecount="2"/>
        <line num="254" count="0" type="cond" truecount="0" falsecount="2"/>
        <line num="255" count="0" type="stmt"/>
        <line num="301" count="1" type="stmt"/>
        <line num="302" count="1" type="stmt"/>
        <line num="341" count="10" type="stmt"/>
        <line num="355" count="75" type="stmt"/>
        <line num="357" count="75" type="stmt"/>
        <line num="375" count="43" type="stmt"/>
        <line num="377" count="43" type="stmt"/>
        <line num="424" count="1" type="stmt"/>
        <line num="425" count="1" type="cond" truecount="1" falsecount="1"/>
        <line num="434" count="0" type="stmt"/>
        <line num="435" count="0" type="cond" truecount="0" falsecount="2"/>
      </file>
    </package>
    <package name="utils">
      <metrics statements="20" coveredstatements="12" conditionals="6" coveredconditionals="3" methods="10" coveredmethods="6"/>
      <file name="local-storage.ts" path="D:\Proiecte\Transmarin-Logistic\src\utils\local-storage.ts">
        <metrics statements="20" coveredstatements="12" conditionals="6" coveredconditionals="3" methods="10" coveredmethods="6"/>
        <line num="13" count="180" type="stmt"/>
        <line num="14" count="180" type="stmt"/>
        <line num="15" count="180" type="cond" truecount="2" falsecount="0"/>
        <line num="16" count="164" type="stmt"/>
        <line num="18" count="0" type="stmt"/>
        <line num="26" count="24" type="stmt"/>
        <line num="33" count="0" type="stmt"/>
        <line num="34" count="0" type="stmt"/>
        <line num="35" count="0" type="stmt"/>
        <line num="46" count="21" type="stmt"/>
        <line num="47" count="21" type="stmt"/>
        <line num="48" count="21" type="cond" truecount="1" falsecount="1"/>
        <line num="50" count="21" type="stmt"/>
        <line num="60" count="3" type="stmt"/>
        <line num="61" count="3" type="stmt"/>
        <line num="63" count="3" type="stmt"/>
        <line num="74" count="0" type="stmt"/>
        <line num="81" count="0" type="stmt"/>
        <line num="89" count="0" type="cond" truecount="0" falsecount="2"/>
        <line num="90" count="0" type="stmt"/>
      </file>
    </package>
  </project>
</coverage>
