{"D:\\Proiecte\\Transmarin-Logistic\\src\\data\\mock-data.ts": {"path":"D:\\Proiecte\\Transmarin-Logistic\\src\\data\\mock-data.ts","statementMap":{"0":{"start":{"line":15,"column":28},"end":{"line":46,"column":null}},"1":{"start":{"line":52,"column":30},"end":{"line":74,"column":null}},"2":{"start":{"line":76,"column":28},"end":{"line":113,"column":null}},"3":{"start":{"line":116,"column":28},"end":{"line":387,"column":null}},"4":{"start":{"line":389,"column":26},"end":{"line":420,"column":null}},"5":{"start":{"line":422,"column":34},"end":{"line":544,"column":null}},"6":{"start":{"line":546,"column":34},"end":{"line":673,"column":null}},"7":{"start":{"line":675,"column":42},"end":{"line":736,"column":null}},"8":{"start":{"line":738,"column":44},"end":{"line":772,"column":null}},"9":{"start":{"line":774,"column":38},"end":{"line":847,"column":null}},"10":{"start":{"line":850,"column":14},"end":{"line":850,"column":null}},"11":{"start":{"line":851,"column":8},"end":{"line":851,"column":null}},"12":{"start":{"line":852,"column":2},"end":{"line":852,"column":null}},"13":{"start":{"line":855,"column":32},"end":{"line":1046,"column":null}},"14":{"start":{"line":1048,"column":29},"end":{"line":1145,"column":null}},"15":{"start":{"line":1147,"column":26},"end":{"line":1244,"column":null}},"16":{"start":{"line":1248,"column":43},"end":{"line":1265,"column":null}},"17":{"start":{"line":1267,"column":29},"end":{"line":1267,"column":null}},"18":{"start":{"line":1268,"column":26},"end":{"line":1268,"column":null}},"19":{"start":{"line":1271,"column":2},"end":{"line":1271,"column":null}},"20":{"start":{"line":1272,"column":2},"end":{"line":1272,"column":null}},"21":{"start":{"line":1273,"column":2},"end":{"line":1273,"column":null}},"22":{"start":{"line":1274,"column":2},"end":{"line":1274,"column":null}},"23":{"start":{"line":1275,"column":2},"end":{"line":1275,"column":null}},"24":{"start":{"line":1276,"column":2},"end":{"line":1276,"column":null}},"25":{"start":{"line":1277,"column":2},"end":{"line":1280,"column":null}},"26":{"start":{"line":1278,"column":4},"end":{"line":1278,"column":null}},"27":{"start":{"line":1279,"column":4},"end":{"line":1279,"column":null}},"28":{"start":{"line":1281,"column":2},"end":{"line":1281,"column":null}},"29":{"start":{"line":1282,"column":2},"end":{"line":1282,"column":null}},"30":{"start":{"line":1283,"column":2},"end":{"line":1283,"column":null}},"31":{"start":{"line":1284,"column":2},"end":{"line":1284,"column":null}},"32":{"start":{"line":1285,"column":2},"end":{"line":1285,"column":null}},"33":{"start":{"line":1286,"column":2},"end":{"line":1286,"column":null}},"34":{"start":{"line":1287,"column":2},"end":{"line":1287,"column":null}},"35":{"start":{"line":1291,"column":36},"end":{"line":1291,"column":null}}},"fnMap":{"0":{"name":"relativeDate","decl":{"start":{"line":849,"column":9},"end":{"line":849,"column":22}},"loc":{"start":{"line":849,"column":64},"end":{"line":853,"column":null}},"line":849},"1":{"name":"seedMockData","decl":{"start":{"line":1270,"column":16},"end":{"line":1270,"column":37}},"loc":{"start":{"line":1270,"column":37},"end":{"line":1288,"column":null}},"line":1270}},"branchMap":{"0":{"loc":{"start":{"line":1277,"column":2},"end":{"line":1280,"column":null}},"type":"if","locations":[{"start":{"line":1277,"column":2},"end":{"line":1280,"column":null}},{"start":{},"end":{}}],"line":1277}},"s":{"0":1,"1":1,"2":1,"3":1,"4":1,"5":1,"6":1,"7":1,"8":1,"9":1,"10":20,"11":20,"12":20,"13":1,"14":1,"15":1,"16":1,"17":1,"18":1,"19":0,"20":0,"21":0,"22":0,"23":0,"24":0,"25":0,"26":0,"27":0,"28":0,"29":0,"30":0,"31":0,"32":0,"33":0,"34":0,"35":1},"f":{"0":20,"1":0},"b":{"0":[0,0]},"meta":{"lastBranch":1,"lastFunction":2,"lastStatement":36,"seen":{"s:15:28:46:Infinity":0,"s:52:30:74:Infinity":1,"s:76:28:113:Infinity":2,"s:116:28:387:Infinity":3,"s:389:26:420:Infinity":4,"s:422:34:544:Infinity":5,"s:546:34:673:Infinity":6,"s:675:42:736:Infinity":7,"s:738:44:772:Infinity":8,"s:774:38:847:Infinity":9,"f:849:9:849:22":0,"s:850:14:850:Infinity":10,"s:851:8:851:Infinity":11,"s:852:2:852:Infinity":12,"s:855:32:1046:Infinity":13,"s:1048:29:1145:Infinity":14,"s:1147:26:1244:Infinity":15,"s:1248:43:1265:Infinity":16,"s:1267:29:1267:Infinity":17,"s:1268:26:1268:Infinity":18,"f:1270:16:1270:37":1,"s:1271:2:1271:Infinity":19,"s:1272:2:1272:Infinity":20,"s:1273:2:1273:Infinity":21,"s:1274:2:1274:Infinity":22,"s:1275:2:1275:Infinity":23,"s:1276:2:1276:Infinity":24,"b:1277:2:1280:Infinity:undefined:undefined:undefined:undefined":0,"s:1277:2:1280:Infinity":25,"s:1278:4:1278:Infinity":26,"s:1279:4:1279:Infinity":27,"s:1281:2:1281:Infinity":28,"s:1282:2:1282:Infinity":29,"s:1283:2:1283:Infinity":30,"s:1284:2:1284:Infinity":31,"s:1285:2:1285:Infinity":32,"s:1286:2:1286:Infinity":33,"s:1287:2:1287:Infinity":34,"s:1291:36:1291:Infinity":35}}}
,"D:\\Proiecte\\Transmarin-Logistic\\src\\modules\\transport\\pages\\_components\\order-utils.ts": {"path":"D:\\Proiecte\\Transmarin-Logistic\\src\\modules\\transport\\pages\\_components\\order-utils.ts","statementMap":{"0":{"start":{"line":13,"column":2},"end":{"line":19,"column":null}},"1":{"start":{"line":23,"column":2},"end":{"line":23,"column":null}},"2":{"start":{"line":23,"column":80},"end":{"line":23,"column":null}},"3":{"start":{"line":24,"column":2},"end":{"line":24,"column":null}},"4":{"start":{"line":28,"column":2},"end":{"line":32,"column":null}},"5":{"start":{"line":29,"column":4},"end":{"line":29,"column":null}},"6":{"start":{"line":31,"column":4},"end":{"line":31,"column":null}},"7":{"start":{"line":36,"column":2},"end":{"line":36,"column":null}},"8":{"start":{"line":40,"column":2},"end":{"line":40,"column":null}},"9":{"start":{"line":54,"column":2},"end":{"line":54,"column":null}},"10":{"start":{"line":54,"column":46},"end":{"line":54,"column":null}},"11":{"start":{"line":55,"column":2},"end":{"line":60,"column":null}}},"fnMap":{"0":{"name":"getStatusMeta","decl":{"start":{"line":12,"column":16},"end":{"line":12,"column":30}},"loc":{"start":{"line":12,"column":68},"end":{"line":20,"column":null}},"line":12},"1":{"name":"safeRandomId","decl":{"start":{"line":22,"column":16},"end":{"line":22,"column":31}},"loc":{"start":{"line":22,"column":31},"end":{"line":25,"column":null}},"line":22},"2":{"name":"setOrdersToStorage","decl":{"start":{"line":27,"column":16},"end":{"line":27,"column":35}},"loc":{"start":{"line":27,"column":52},"end":{"line":33,"column":null}},"line":27},"3":{"name":"norm","decl":{"start":{"line":35,"column":9},"end":{"line":35,"column":14}},"loc":{"start":{"line":35,"column":25},"end":{"line":37,"column":null}},"line":35},"4":{"name":"round2","decl":{"start":{"line":39,"column":9},"end":{"line":39,"column":16}},"loc":{"start":{"line":39,"column":27},"end":{"line":41,"column":null}},"line":39},"5":{"name":"isDuplicateOrder","decl":{"start":{"line":43,"column":16},"end":{"line":43,"column":null}},"loc":{"start":{"line":53,"column":2},"end":{"line":62,"column":null}},"line":53}},"branchMap":{"0":{"loc":{"start":{"line":23,"column":2},"end":{"line":23,"column":null}},"type":"if","locations":[{"start":{"line":23,"column":2},"end":{"line":23,"column":null}},{"start":{},"end":{}}],"line":23},"1":{"loc":{"start":{"line":23,"column":6},"end":{"line":23,"column":80}},"type":"binary-expr","locations":[{"start":{"line":23,"column":6},"end":{"line":23,"column":39}},{"start":{"line":23,"column":39},"end":{"line":23,"column":80}}],"line":23},"2":{"loc":{"start":{"line":54,"column":2},"end":{"line":54,"column":null}},"type":"if","locations":[{"start":{"line":54,"column":2},"end":{"line":54,"column":null}},{"start":{},"end":{}}],"line":54},"3":{"loc":{"start":{"line":54,"column":6},"end":{"line":54,"column":46}},"type":"binary-expr","locations":[{"start":{"line":54,"column":6},"end":{"line":54,"column":19}},{"start":{"line":54,"column":19},"end":{"line":54,"column":46}}],"line":54},"4":{"loc":{"start":{"line":56,"column":4},"end":{"line":60,"column":null}},"type":"binary-expr","locations":[{"start":{"line":56,"column":4},"end":{"line":56,"column":null}},{"start":{"line":57,"column":4},"end":{"line":57,"column":null}},{"start":{"line":58,"column":4},"end":{"line":58,"column":null}},{"start":{"line":59,"column":4},"end":{"line":59,"column":null}},{"start":{"line":60,"column":4},"end":{"line":60,"column":null}}],"line":56},"5":{"loc":{"start":{"line":60,"column":18},"end":{"line":60,"column":38}},"type":"binary-expr","locations":[{"start":{"line":60,"column":18},"end":{"line":60,"column":37}},{"start":{"line":60,"column":37},"end":{"line":60,"column":38}}],"line":60}},"s":{"0":6,"1":22,"2":21,"3":1,"4":4,"5":4,"6":1,"7":60,"8":14,"9":12,"10":1,"11":11},"f":{"0":6,"1":22,"2":4,"3":60,"4":14,"5":12},"b":{"0":[21,1],"1":[22,22],"2":[1,11],"3":[12,2],"4":[11,10,9,8,7],"5":[7,1]},"meta":{"lastBranch":6,"lastFunction":6,"lastStatement":12,"seen":{"f:12:16:12:30":0,"s:13:2:19:Infinity":0,"f:22:16:22:31":1,"b:23:2:23:Infinity:undefined:undefined:undefined:undefined":0,"s:23:2:23:Infinity":1,"b:23:6:23:39:23:39:23:80":1,"s:23:80:23:Infinity":2,"s:24:2:24:Infinity":3,"f:27:16:27:35":2,"s:28:2:32:Infinity":4,"s:29:4:29:Infinity":5,"s:31:4:31:Infinity":6,"f:35:9:35:14":3,"s:36:2:36:Infinity":7,"f:39:9:39:16":4,"s:40:2:40:Infinity":8,"f:43:16:43:Infinity":5,"b:54:2:54:Infinity:undefined:undefined:undefined:undefined":2,"s:54:2:54:Infinity":9,"b:54:6:54:19:54:19:54:46":3,"s:54:46:54:Infinity":10,"s:55:2:60:Infinity":11,"b:56:4:56:Infinity:57:4:57:Infinity:58:4:58:Infinity:59:4:59:Infinity:60:4:60:Infinity":4,"b:60:18:60:37:60:37:60:38":5}}}
,"D:\\Proiecte\\Transmarin-Logistic\\src\\utils\\local-storage.ts": {"path":"D:\\Proiecte\\Transmarin-Logistic\\src\\utils\\local-storage.ts","statementMap":{"0":{"start":{"line":13,"column":2},"end":{"line":19,"column":null}},"1":{"start":{"line":14,"column":16},"end":{"line":14,"column":null}},"2":{"start":{"line":15,"column":4},"end":{"line":15,"column":null}},"3":{"start":{"line":15,"column":14},"end":{"line":15,"column":null}},"4":{"start":{"line":16,"column":4},"end":{"line":16,"column":null}},"5":{"start":{"line":18,"column":4},"end":{"line":18,"column":null}},"6":{"start":{"line":26,"column":2},"end":{"line":26,"column":null}},"7":{"start":{"line":33,"column":21},"end":{"line":33,"column":null}},"8":{"start":{"line":34,"column":2},"end":{"line":34,"column":null}},"9":{"start":{"line":35,"column":2},"end":{"line":35,"column":null}},"10":{"start":{"line":46,"column":21},"end":{"line":46,"column":null}},"11":{"start":{"line":47,"column":18},"end":{"line":49,"column":null}},"12":{"start":{"line":48,"column":4},"end":{"line":48,"column":null}},"13":{"start":{"line":50,"column":2},"end":{"line":50,"column":null}},"14":{"start":{"line":60,"column":21},"end":{"line":60,"column":null}},"15":{"start":{"line":61,"column":2},"end":{"line":64,"column":null}},"16":{"start":{"line":63,"column":32},"end":{"line":63,"column":48}},"17":{"start":{"line":74,"column":2},"end":{"line":74,"column":null}},"18":{"start":{"line":81,"column":2},"end":{"line":81,"column":null}},"19":{"start":{"line":89,"column":2},"end":{"line":91,"column":null}},"20":{"start":{"line":90,"column":4},"end":{"line":90,"column":null}}},"fnMap":{"0":{"name":"getCollection","decl":{"start":{"line":12,"column":16},"end":{"line":12,"column":33}},"loc":{"start":{"line":12,"column":51},"end":{"line":20,"column":null}},"line":12},"1":{"name":"setCollection","decl":{"start":{"line":25,"column":16},"end":{"line":25,"column":33}},"loc":{"start":{"line":25,"column":63},"end":{"line":27,"column":null}},"line":25},"2":{"name":"addItem","decl":{"start":{"line":32,"column":16},"end":{"line":32,"column":27}},"loc":{"start":{"line":32,"column":55},"end":{"line":36,"column":null}},"line":32},"3":{"name":"updateItem","decl":{"start":{"line":41,"column":16},"end":{"line":41,"column":null}},"loc":{"start":{"line":45,"column":8},"end":{"line":51,"column":null}},"line":45},"4":{"name":"(anonymous_4)","decl":{"start":{"line":47,"column":33},"end":{"line":47,"column":34}},"loc":{"start":{"line":48,"column":4},"end":{"line":48,"column":null}},"line":48},"5":{"name":"removeItem","decl":{"start":{"line":56,"column":16},"end":{"line":56,"column":null}},"loc":{"start":{"line":59,"column":8},"end":{"line":65,"column":null}},"line":59},"6":{"name":"(anonymous_6)","decl":{"start":{"line":63,"column":22},"end":{"line":63,"column":23}},"loc":{"start":{"line":63,"column":32},"end":{"line":63,"column":48}},"line":63},"7":{"name":"findItem","decl":{"start":{"line":70,"column":16},"end":{"line":70,"column":null}},"loc":{"start":{"line":73,"column":17},"end":{"line":75,"column":null}},"line":73},"8":{"name":"generateId","decl":{"start":{"line":80,"column":16},"end":{"line":80,"column":37}},"loc":{"start":{"line":80,"column":37},"end":{"line":82,"column":null}},"line":80},"9":{"name":"initCollection","decl":{"start":{"line":88,"column":16},"end":{"line":88,"column":34}},"loc":{"start":{"line":88,"column":71},"end":{"line":92,"column":null}},"line":88}},"branchMap":{"0":{"loc":{"start":{"line":15,"column":4},"end":{"line":15,"column":null}},"type":"if","locations":[{"start":{"line":15,"column":4},"end":{"line":15,"column":null}},{"start":{},"end":{}}],"line":15},"1":{"loc":{"start":{"line":48,"column":4},"end":{"line":48,"column":null}},"type":"cond-expr","locations":[{"start":{"line":48,"column":22},"end":{"line":48,"column":38}},{"start":{"line":48,"column":38},"end":{"line":48,"column":null}}],"line":48},"2":{"loc":{"start":{"line":89,"column":2},"end":{"line":91,"column":null}},"type":"if","locations":[{"start":{"line":89,"column":2},"end":{"line":91,"column":null}},{"start":{},"end":{}}],"line":89}},"s":{"0":0,"1":0,"2":0,"3":0,"4":0,"5":0,"6":0,"7":0,"8":0,"9":0,"10":0,"11":0,"12":0,"13":0,"14":0,"15":0,"16":0,"17":0,"18":0,"19":0,"20":0},"f":{"0":0,"1":0,"2":0,"3":0,"4":0,"5":0,"6":0,"7":0,"8":0,"9":0},"b":{"0":[0,0],"1":[0,0],"2":[0,0]},"meta":{"lastBranch":3,"lastFunction":10,"lastStatement":21,"seen":{"f:12:16:12:33":0,"s:13:2:19:Infinity":0,"s:14:16:14:Infinity":1,"b:15:4:15:Infinity:undefined:undefined:undefined:undefined":0,"s:15:4:15:Infinity":2,"s:15:14:15:Infinity":3,"s:16:4:16:Infinity":4,"s:18:4:18:Infinity":5,"f:25:16:25:33":1,"s:26:2:26:Infinity":6,"f:32:16:32:27":2,"s:33:21:33:Infinity":7,"s:34:2:34:Infinity":8,"s:35:2:35:Infinity":9,"f:41:16:41:Infinity":3,"s:46:21:46:Infinity":10,"s:47:18:49:Infinity":11,"f:47:33:47:34":4,"s:48:4:48:Infinity":12,"b:48:22:48:38:48:38:48:Infinity":1,"s:50:2:50:Infinity":13,"f:56:16:56:Infinity":5,"s:60:21:60:Infinity":14,"s:61:2:64:Infinity":15,"f:63:22:63:23":6,"s:63:32:63:48":16,"f:70:16:70:Infinity":7,"s:74:2:74:Infinity":17,"f:80:16:80:37":8,"s:81:2:81:Infinity":18,"f:88:16:88:34":9,"b:89:2:91:Infinity:undefined:undefined:undefined:undefined":2,"s:89:2:91:Infinity":19,"s:90:4:90:Infinity":20}}}
}
