{"D:\\Proiecte\\Transmarin-Logistic\\src\\components\\ui\\button.tsx": {"path":"D:\\Proiecte\\Transmarin-Logistic\\src\\components\\ui\\button.tsx","statementMap":{"0":{"start":{"line":6,"column":6},"end":{"line":35,"column":null}},"1":{"start":{"line":47,"column":15},"end":{"line":47,"column":null}},"2":{"start":{"line":49,"column":2},"end":{"line":54,"column":null}}},"fnMap":{"0":{"name":"Button","decl":{"start":{"line":37,"column":9},"end":{"line":37,"column":16}},"loc":{"start":{"line":46,"column":5},"end":{"line":56,"column":null}},"line":46}},"branchMap":{"0":{"loc":{"start":{"line":41,"column":2},"end":{"line":41,"column":null}},"type":"default-arg","locations":[{"start":{"line":41,"column":12},"end":{"line":41,"column":null}}],"line":41},"1":{"loc":{"start":{"line":47,"column":15},"end":{"line":47,"column":null}},"type":"cond-expr","locations":[{"start":{"line":47,"column":25},"end":{"line":47,"column":32}},{"start":{"line":47,"column":32},"end":{"line":47,"column":null}}],"line":47}},"s":{"0":1,"1":184,"2":184},"f":{"0":184},"b":{"0":[184],"1":[0,184]},"meta":{"lastBranch":2,"lastFunction":1,"lastStatement":3,"seen":{"s:6:6:35:Infinity":0,"f:37:9:37:16":0,"b:41:12:41:Infinity":0,"s:47:15:47:Infinity":1,"b:47:25:47:32:47:32:47:Infinity":1,"s:49:2:54:Infinity":2}}}
,"D:\\Proiecte\\Transmarin-Logistic\\src\\components\\ui\\card.tsx": {"path":"D:\\Proiecte\\Transmarin-Logistic\\src\\components\\ui\\card.tsx","statementMap":{"0":{"start":{"line":5,"column":2},"end":{"line":13,"column":null}},"1":{"start":{"line":18,"column":2},"end":{"line":26,"column":null}},"2":{"start":{"line":31,"column":2},"end":{"line":36,"column":null}},"3":{"start":{"line":41,"column":2},"end":{"line":46,"column":null}},"4":{"start":{"line":51,"column":2},"end":{"line":59,"column":null}},"5":{"start":{"line":64,"column":2},"end":{"line":69,"column":null}},"6":{"start":{"line":74,"column":2},"end":{"line":79,"column":null}}},"fnMap":{"0":{"name":"Card","decl":{"start":{"line":4,"column":9},"end":{"line":4,"column":14}},"loc":{"start":{"line":4,"column":68},"end":{"line":15,"column":null}},"line":4},"1":{"name":"CardHeader","decl":{"start":{"line":17,"column":9},"end":{"line":17,"column":20}},"loc":{"start":{"line":17,"column":74},"end":{"line":28,"column":null}},"line":17},"2":{"name":"CardTitle","decl":{"start":{"line":30,"column":9},"end":{"line":30,"column":19}},"loc":{"start":{"line":30,"column":73},"end":{"line":38,"column":null}},"line":30},"3":{"name":"CardDescription","decl":{"start":{"line":40,"column":9},"end":{"line":40,"column":25}},"loc":{"start":{"line":40,"column":79},"end":{"line":48,"column":null}},"line":40},"4":{"name":"CardAction","decl":{"start":{"line":50,"column":9},"end":{"line":50,"column":20}},"loc":{"start":{"line":50,"column":74},"end":{"line":61,"column":null}},"line":50},"5":{"name":"CardContent","decl":{"start":{"line":63,"column":9},"end":{"line":63,"column":21}},"loc":{"start":{"line":63,"column":75},"end":{"line":71,"column":null}},"line":63},"6":{"name":"CardFooter","decl":{"start":{"line":73,"column":9},"end":{"line":73,"column":20}},"loc":{"start":{"line":73,"column":74},"end":{"line":81,"column":null}},"line":73}},"branchMap":{},"s":{"0":92,"1":92,"2":92,"3":0,"4":0,"5":92,"6":0},"f":{"0":92,"1":92,"2":92,"3":0,"4":0,"5":92,"6":0},"b":{},"meta":{"lastBranch":0,"lastFunction":7,"lastStatement":7,"seen":{"f:4:9:4:14":0,"s:5:2:13:Infinity":0,"f:17:9:17:20":1,"s:18:2:26:Infinity":1,"f:30:9:30:19":2,"s:31:2:36:Infinity":2,"f:40:9:40:25":3,"s:41:2:46:Infinity":3,"f:50:9:50:20":4,"s:51:2:59:Infinity":4,"f:63:9:63:21":5,"s:64:2:69:Infinity":5,"f:73:9:73:20":6,"s:74:2:79:Infinity":6}}}
,"D:\\Proiecte\\Transmarin-Logistic\\src\\components\\ui\\table.tsx": {"path":"D:\\Proiecte\\Transmarin-Logistic\\src\\components\\ui\\table.tsx","statementMap":{"0":{"start":{"line":5,"column":2},"end":{"line":15,"column":null}},"1":{"start":{"line":20,"column":2},"end":{"line":25,"column":null}},"2":{"start":{"line":30,"column":2},"end":{"line":35,"column":null}},"3":{"start":{"line":40,"column":2},"end":{"line":48,"column":null}},"4":{"start":{"line":53,"column":2},"end":{"line":61,"column":null}},"5":{"start":{"line":66,"column":2},"end":{"line":74,"column":null}},"6":{"start":{"line":79,"column":2},"end":{"line":87,"column":null}},"7":{"start":{"line":95,"column":2},"end":{"line":100,"column":null}}},"fnMap":{"0":{"name":"Table","decl":{"start":{"line":4,"column":9},"end":{"line":4,"column":15}},"loc":{"start":{"line":4,"column":71},"end":{"line":17,"column":null}},"line":4},"1":{"name":"TableHeader","decl":{"start":{"line":19,"column":9},"end":{"line":19,"column":21}},"loc":{"start":{"line":19,"column":77},"end":{"line":27,"column":null}},"line":19},"2":{"name":"TableBody","decl":{"start":{"line":29,"column":9},"end":{"line":29,"column":19}},"loc":{"start":{"line":29,"column":75},"end":{"line":37,"column":null}},"line":29},"3":{"name":"TableFooter","decl":{"start":{"line":39,"column":9},"end":{"line":39,"column":21}},"loc":{"start":{"line":39,"column":77},"end":{"line":50,"column":null}},"line":39},"4":{"name":"TableRow","decl":{"start":{"line":52,"column":9},"end":{"line":52,"column":18}},"loc":{"start":{"line":52,"column":71},"end":{"line":63,"column":null}},"line":52},"5":{"name":"TableHead","decl":{"start":{"line":65,"column":9},"end":{"line":65,"column":19}},"loc":{"start":{"line":65,"column":72},"end":{"line":76,"column":null}},"line":65},"6":{"name":"TableCell","decl":{"start":{"line":78,"column":9},"end":{"line":78,"column":19}},"loc":{"start":{"line":78,"column":72},"end":{"line":89,"column":null}},"line":78},"7":{"name":"TableCaption","decl":{"start":{"line":91,"column":9},"end":{"line":91,"column":22}},"loc":{"start":{"line":94,"column":36},"end":{"line":102,"column":null}},"line":94}},"branchMap":{},"s":{"0":92,"1":92,"2":92,"3":0,"4":188,"5":92,"6":96,"7":0},"f":{"0":92,"1":92,"2":92,"3":0,"4":188,"5":92,"6":96,"7":0},"b":{},"meta":{"lastBranch":0,"lastFunction":8,"lastStatement":8,"seen":{"f:4:9:4:15":0,"s:5:2:15:Infinity":0,"f:19:9:19:21":1,"s:20:2:25:Infinity":1,"f:29:9:29:19":2,"s:30:2:35:Infinity":2,"f:39:9:39:21":3,"s:40:2:48:Infinity":3,"f:52:9:52:18":4,"s:53:2:61:Infinity":4,"f:65:9:65:19":5,"s:66:2:74:Infinity":5,"f:78:9:78:19":6,"s:79:2:87:Infinity":6,"f:91:9:91:22":7,"s:95:2:100:Infinity":7}}}
,"D:\\Proiecte\\Transmarin-Logistic\\src\\data\\mock-data.ts": {"path":"D:\\Proiecte\\Transmarin-Logistic\\src\\data\\mock-data.ts","statementMap":{"0":{"start":{"line":15,"column":28},"end":{"line":47,"column":null}},"1":{"start":{"line":53,"column":30},"end":{"line":75,"column":null}},"2":{"start":{"line":77,"column":28},"end":{"line":114,"column":null}},"3":{"start":{"line":117,"column":28},"end":{"line":388,"column":null}},"4":{"start":{"line":390,"column":26},"end":{"line":421,"column":null}},"5":{"start":{"line":423,"column":34},"end":{"line":545,"column":null}},"6":{"start":{"line":547,"column":34},"end":{"line":674,"column":null}},"7":{"start":{"line":676,"column":42},"end":{"line":737,"column":null}},"8":{"start":{"line":739,"column":44},"end":{"line":773,"column":null}},"9":{"start":{"line":775,"column":38},"end":{"line":848,"column":null}},"10":{"start":{"line":851,"column":14},"end":{"line":851,"column":null}},"11":{"start":{"line":852,"column":8},"end":{"line":852,"column":null}},"12":{"start":{"line":853,"column":2},"end":{"line":853,"column":null}},"13":{"start":{"line":856,"column":32},"end":{"line":1047,"column":null}},"14":{"start":{"line":1049,"column":29},"end":{"line":1146,"column":null}},"15":{"start":{"line":1148,"column":26},"end":{"line":1245,"column":null}},"16":{"start":{"line":1249,"column":43},"end":{"line":1266,"column":null}},"17":{"start":{"line":1268,"column":29},"end":{"line":1268,"column":null}},"18":{"start":{"line":1269,"column":26},"end":{"line":1269,"column":null}},"19":{"start":{"line":1272,"column":2},"end":{"line":1272,"column":null}},"20":{"start":{"line":1273,"column":2},"end":{"line":1273,"column":null}},"21":{"start":{"line":1274,"column":2},"end":{"line":1274,"column":null}},"22":{"start":{"line":1275,"column":2},"end":{"line":1275,"column":null}},"23":{"start":{"line":1276,"column":2},"end":{"line":1276,"column":null}},"24":{"start":{"line":1277,"column":2},"end":{"line":1277,"column":null}},"25":{"start":{"line":1278,"column":2},"end":{"line":1281,"column":null}},"26":{"start":{"line":1279,"column":4},"end":{"line":1279,"column":null}},"27":{"start":{"line":1280,"column":4},"end":{"line":1280,"column":null}},"28":{"start":{"line":1282,"column":2},"end":{"line":1282,"column":null}},"29":{"start":{"line":1283,"column":2},"end":{"line":1283,"column":null}},"30":{"start":{"line":1284,"column":2},"end":{"line":1284,"column":null}},"31":{"start":{"line":1285,"column":2},"end":{"line":1285,"column":null}},"32":{"start":{"line":1286,"column":2},"end":{"line":1286,"column":null}},"33":{"start":{"line":1287,"column":2},"end":{"line":1287,"column":null}},"34":{"start":{"line":1288,"column":2},"end":{"line":1288,"column":null}},"35":{"start":{"line":1292,"column":36},"end":{"line":1292,"column":null}}},"fnMap":{"0":{"name":"relativeDate","decl":{"start":{"line":850,"column":9},"end":{"line":850,"column":22}},"loc":{"start":{"line":850,"column":64},"end":{"line":854,"column":null}},"line":850},"1":{"name":"seedMockData","decl":{"start":{"line":1271,"column":16},"end":{"line":1271,"column":37}},"loc":{"start":{"line":1271,"column":37},"end":{"line":1289,"column":null}},"line":1271}},"branchMap":{"0":{"loc":{"start":{"line":1278,"column":2},"end":{"line":1281,"column":null}},"type":"if","locations":[{"start":{"line":1278,"column":2},"end":{"line":1281,"column":null}},{"start":{},"end":{}}],"line":1278}},"s":{"0":1,"1":1,"2":1,"3":1,"4":1,"5":1,"6":1,"7":1,"8":1,"9":1,"10":20,"11":20,"12":20,"13":1,"14":1,"15":1,"16":1,"17":1,"18":1,"19":0,"20":0,"21":0,"22":0,"23":0,"24":0,"25":0,"26":0,"27":0,"28":0,"29":0,"30":0,"31":0,"32":0,"33":0,"34":0,"35":1},"f":{"0":20,"1":0},"b":{"0":[0,0]},"meta":{"lastBranch":1,"lastFunction":2,"lastStatement":36,"seen":{"s:15:28:47:Infinity":0,"s:53:30:75:Infinity":1,"s:77:28:114:Infinity":2,"s:117:28:388:Infinity":3,"s:390:26:421:Infinity":4,"s:423:34:545:Infinity":5,"s:547:34:674:Infinity":6,"s:676:42:737:Infinity":7,"s:739:44:773:Infinity":8,"s:775:38:848:Infinity":9,"f:850:9:850:22":0,"s:851:14:851:Infinity":10,"s:852:8:852:Infinity":11,"s:853:2:853:Infinity":12,"s:856:32:1047:Infinity":13,"s:1049:29:1146:Infinity":14,"s:1148:26:1245:Infinity":15,"s:1249:43:1266:Infinity":16,"s:1268:29:1268:Infinity":17,"s:1269:26:1269:Infinity":18,"f:1271:16:1271:37":1,"s:1272:2:1272:Infinity":19,"s:1273:2:1273:Infinity":20,"s:1274:2:1274:Infinity":21,"s:1275:2:1275:Infinity":22,"s:1276:2:1276:Infinity":23,"s:1277:2:1277:Infinity":24,"b:1278:2:1281:Infinity:undefined:undefined:undefined:undefined":0,"s:1278:2:1281:Infinity":25,"s:1279:4:1279:Infinity":26,"s:1280:4:1280:Infinity":27,"s:1282:2:1282:Infinity":28,"s:1283:2:1283:Infinity":29,"s:1284:2:1284:Infinity":30,"s:1285:2:1285:Infinity":31,"s:1286:2:1286:Infinity":32,"s:1287:2:1287:Infinity":33,"s:1288:2:1288:Infinity":34,"s:1292:36:1292:Infinity":35}}}
,"D:\\Proiecte\\Transmarin-Logistic\\src\\lib\\utils.ts": {"path":"D:\\Proiecte\\Transmarin-Logistic\\src\\lib\\utils.ts","statementMap":{"0":{"start":{"line":5,"column":2},"end":{"line":5,"column":null}},"1":{"start":{"line":13,"column":16},"end":{"line":14,"column":null}},"2":{"start":{"line":14,"column":4},"end":{"line":14,"column":null}},"3":{"start":{"line":16,"column":2},"end":{"line":16,"column":null}},"4":{"start":{"line":16,"column":23},"end":{"line":16,"column":null}},"5":{"start":{"line":18,"column":23},"end":{"line":18,"column":null}},"6":{"start":{"line":19,"column":2},"end":{"line":21,"column":null}},"7":{"start":{"line":20,"column":4},"end":{"line":20,"column":null}},"8":{"start":{"line":20,"column":56},"end":{"line":20,"column":61}},"9":{"start":{"line":23,"column":22},"end":{"line":23,"column":null}},"10":{"start":{"line":24,"column":23},"end":{"line":24,"column":null}},"11":{"start":{"line":26,"column":27},"end":{"line":26,"column":null}},"12":{"start":{"line":27,"column":28},"end":{"line":27,"column":null}},"13":{"start":{"line":29,"column":39},"end":{"line":29,"column":null}},"14":{"start":{"line":31,"column":2},"end":{"line":31,"column":null}},"15":{"start":{"line":31,"column":24},"end":{"line":31,"column":null}},"16":{"start":{"line":33,"column":16},"end":{"line":33,"column":null}},"17":{"start":{"line":34,"column":14},"end":{"line":34,"column":null}},"18":{"start":{"line":36,"column":2},"end":{"line":36,"column":null}},"19":{"start":{"line":36,"column":15},"end":{"line":36,"column":22}},"20":{"start":{"line":36,"column":37},"end":{"line":36,"column":null}},"21":{"start":{"line":38,"column":2},"end":{"line":38,"column":null}},"22":{"start":{"line":38,"column":25},"end":{"line":38,"column":null}},"23":{"start":{"line":40,"column":2},"end":{"line":40,"column":null}},"24":{"start":{"line":42,"column":2},"end":{"line":42,"column":null}}},"fnMap":{"0":{"name":"cn","decl":{"start":{"line":4,"column":16},"end":{"line":4,"column":22}},"loc":{"start":{"line":4,"column":44},"end":{"line":6,"column":null}},"line":4},"1":{"name":"getPageNumbers","decl":{"start":{"line":8,"column":16},"end":{"line":8,"column":null}},"loc":{"start":{"line":12,"column":25},"end":{"line":43,"column":null}},"line":12},"2":{"name":"(anonymous_2)","decl":{"start":{"line":13,"column":16},"end":{"line":13,"column":17}},"loc":{"start":{"line":14,"column":4},"end":{"line":14,"column":null}},"line":14},"3":{"name":"(anonymous_3)","decl":{"start":{"line":20,"column":46},"end":{"line":20,"column":47}},"loc":{"start":{"line":20,"column":56},"end":{"line":20,"column":61}},"line":20}},"branchMap":{"0":{"loc":{"start":{"line":11,"column":2},"end":{"line":11,"column":null}},"type":"default-arg","locations":[{"start":{"line":11,"column":25},"end":{"line":11,"column":null}}],"line":11},"1":{"loc":{"start":{"line":16,"column":2},"end":{"line":16,"column":null}},"type":"if","locations":[{"start":{"line":16,"column":2},"end":{"line":16,"column":null}},{"start":{},"end":{}}],"line":16},"2":{"loc":{"start":{"line":19,"column":2},"end":{"line":21,"column":null}},"type":"if","locations":[{"start":{"line":19,"column":2},"end":{"line":21,"column":null}},{"start":{},"end":{}}],"line":19},"3":{"loc":{"start":{"line":31,"column":2},"end":{"line":31,"column":null}},"type":"if","locations":[{"start":{"line":31,"column":2},"end":{"line":31,"column":null}},{"start":{},"end":{}}],"line":31},"4":{"loc":{"start":{"line":33,"column":16},"end":{"line":33,"column":null}},"type":"cond-expr","locations":[{"start":{"line":33,"column":35},"end":{"line":33,"column":49}},{"start":{"line":33,"column":49},"end":{"line":33,"column":null}}],"line":33},"5":{"loc":{"start":{"line":34,"column":14},"end":{"line":34,"column":null}},"type":"cond-expr","locations":[{"start":{"line":34,"column":34},"end":{"line":34,"column":49}},{"start":{"line":34,"column":49},"end":{"line":34,"column":null}}],"line":34},"6":{"loc":{"start":{"line":38,"column":2},"end":{"line":38,"column":null}},"type":"if","locations":[{"start":{"line":38,"column":2},"end":{"line":38,"column":null}},{"start":{},"end":{}}],"line":38}},"s":{"0":1204,"1":0,"2":0,"3":0,"4":0,"5":0,"6":0,"7":0,"8":0,"9":0,"10":0,"11":0,"12":0,"13":0,"14":0,"15":0,"16":0,"17":0,"18":0,"19":0,"20":0,"21":0,"22":0,"23":0,"24":0},"f":{"0":1204,"1":0,"2":0,"3":0},"b":{"0":[0],"1":[0,0],"2":[0,0],"3":[0,0],"4":[0,0],"5":[0,0],"6":[0,0]},"meta":{"lastBranch":7,"lastFunction":4,"lastStatement":25,"seen":{"f:4:16:4:22":0,"s:5:2:5:Infinity":0,"f:8:16:8:Infinity":1,"b:11:25:11:Infinity":0,"s:13:16:14:Infinity":1,"f:13:16:13:17":2,"s:14:4:14:Infinity":2,"b:16:2:16:Infinity:undefined:undefined:undefined:undefined":1,"s:16:2:16:Infinity":3,"s:16:23:16:Infinity":4,"s:18:23:18:Infinity":5,"b:19:2:21:Infinity:undefined:undefined:undefined:undefined":2,"s:19:2:21:Infinity":6,"s:20:4:20:Infinity":7,"f:20:46:20:47":3,"s:20:56:20:61":8,"s:23:22:23:Infinity":9,"s:24:23:24:Infinity":10,"s:26:27:26:Infinity":11,"s:27:28:27:Infinity":12,"s:29:39:29:Infinity":13,"b:31:2:31:Infinity:undefined:undefined:undefined:undefined":3,"s:31:2:31:Infinity":14,"s:31:24:31:Infinity":15,"s:33:16:33:Infinity":16,"b:33:35:33:49:33:49:33:Infinity":4,"s:34:14:34:Infinity":17,"b:34:34:34:49:34:49:34:Infinity":5,"s:36:2:36:Infinity":18,"s:36:15:36:22":19,"s:36:37:36:Infinity":20,"b:38:2:38:Infinity:undefined:undefined:undefined:undefined":6,"s:38:2:38:Infinity":21,"s:38:25:38:Infinity":22,"s:40:2:40:Infinity":23,"s:42:2:42:Infinity":24}}}
,"D:\\Proiecte\\Transmarin-Logistic\\src\\modules\\transport\\pages\\orders.tsx": {"path":"D:\\Proiecte\\Transmarin-Logistic\\src\\modules\\transport\\pages\\orders.tsx","statementMap":{"0":{"start":{"line":58,"column":12},"end":{"line":58,"column":null}},"1":{"start":{"line":59,"column":14},"end":{"line":59,"column":null}},"2":{"start":{"line":60,"column":8},"end":{"line":60,"column":null}},"3":{"start":{"line":62,"column":4},"end":{"line":63,"column":null}},"4":{"start":{"line":63,"column":20},"end":{"line":63,"column":62}},"5":{"start":{"line":64,"column":26},"end":{"line":64,"column":null}},"6":{"start":{"line":65,"column":32},"end":{"line":65,"column":null}},"7":{"start":{"line":66,"column":44},"end":{"line":68,"column":null}},"8":{"start":{"line":70,"column":4},"end":{"line":70,"column":null}},"9":{"start":{"line":72,"column":32},"end":{"line":72,"column":null}},"10":{"start":{"line":73,"column":34},"end":{"line":73,"column":null}},"11":{"start":{"line":74,"column":42},"end":{"line":74,"column":null}},"12":{"start":{"line":75,"column":38},"end":{"line":75,"column":null}},"13":{"start":{"line":76,"column":44},"end":{"line":76,"column":null}},"14":{"start":{"line":77,"column":38},"end":{"line":77,"column":null}},"15":{"start":{"line":78,"column":40},"end":{"line":78,"column":null}},"16":{"start":{"line":79,"column":38},"end":{"line":79,"column":null}},"17":{"start":{"line":81,"column":34},"end":{"line":81,"column":null}},"18":{"start":{"line":82,"column":30},"end":{"line":82,"column":null}},"19":{"start":{"line":83,"column":42},"end":{"line":83,"column":null}},"20":{"start":{"line":84,"column":52},"end":{"line":84,"column":null}},"21":{"start":{"line":86,"column":2},"end":{"line":88,"column":null}},"22":{"start":{"line":87,"column":4},"end":{"line":87,"column":null}},"23":{"start":{"line":90,"column":23},"end":{"line":111,"column":null}},"24":{"start":{"line":91,"column":4},"end":{"line":110,"column":null}},"25":{"start":{"line":92,"column":6},"end":{"line":96,"column":null}},"26":{"start":{"line":93,"column":14},"end":{"line":93,"column":null}},"27":{"start":{"line":94,"column":8},"end":{"line":94,"column":null}},"28":{"start":{"line":94,"column":50},"end":{"line":94,"column":null}},"29":{"start":{"line":95,"column":8},"end":{"line":95,"column":null}},"30":{"start":{"line":95,"column":44},"end":{"line":95,"column":null}},"31":{"start":{"line":97,"column":6},"end":{"line":101,"column":null}},"32":{"start":{"line":101,"column":8},"end":{"line":101,"column":null}},"33":{"start":{"line":102,"column":6},"end":{"line":108,"column":null}},"34":{"start":{"line":108,"column":8},"end":{"line":108,"column":null}},"35":{"start":{"line":109,"column":6},"end":{"line":109,"column":null}},"36":{"start":{"line":113,"column":28},"end":{"line":117,"column":null}},"37":{"start":{"line":121,"column":4},"end":{"line":121,"column":null}},"38":{"start":{"line":122,"column":4},"end":{"line":122,"column":null}},"39":{"start":{"line":123,"column":4},"end":{"line":123,"column":null}},"40":{"start":{"line":124,"column":4},"end":{"line":124,"column":null}},"41":{"start":{"line":128,"column":10},"end":{"line":128,"column":null}},"42":{"start":{"line":129,"column":20},"end":{"line":135,"column":null}},"43":{"start":{"line":136,"column":4},"end":{"line":137,"column":null}},"44":{"start":{"line":136,"column":19},"end":{"line":136,"column":53}},"45":{"start":{"line":137,"column":6},"end":{"line":137,"column":null}},"46":{"start":{"line":138,"column":21},"end":{"line":144,"column":null}},"47":{"start":{"line":143,"column":45},"end":{"line":143,"column":53}},"48":{"start":{"line":145,"column":17},"end":{"line":145,"column":null}},"49":{"start":{"line":146,"column":4},"end":{"line":146,"column":null}},"50":{"start":{"line":147,"column":4},"end":{"line":147,"column":null}},"51":{"start":{"line":148,"column":4},"end":{"line":148,"column":null}},"52":{"start":{"line":149,"column":4},"end":{"line":149,"column":null}},"53":{"start":{"line":153,"column":4},"end":{"line":153,"column":null}},"54":{"start":{"line":153,"column":23},"end":{"line":153,"column":null}},"55":{"start":{"line":154,"column":10},"end":{"line":154,"column":null}},"56":{"start":{"line":155,"column":20},"end":{"line":161,"column":null}},"57":{"start":{"line":162,"column":4},"end":{"line":163,"column":null}},"58":{"start":{"line":162,"column":19},"end":{"line":162,"column":70}},"59":{"start":{"line":163,"column":6},"end":{"line":163,"column":null}},"60":{"start":{"line":164,"column":17},"end":{"line":173,"column":null}},"61":{"start":{"line":165,"column":6},"end":{"line":172,"column":null}},"62":{"start":{"line":170,"column":51},"end":{"line":170,"column":59}},"63":{"start":{"line":174,"column":4},"end":{"line":174,"column":null}},"64":{"start":{"line":175,"column":4},"end":{"line":175,"column":null}},"65":{"start":{"line":176,"column":4},"end":{"line":176,"column":null}},"66":{"start":{"line":177,"column":4},"end":{"line":177,"column":null}},"67":{"start":{"line":178,"column":4},"end":{"line":178,"column":null}},"68":{"start":{"line":182,"column":4},"end":{"line":182,"column":null}},"69":{"start":{"line":182,"column":24},"end":{"line":182,"column":null}},"70":{"start":{"line":183,"column":17},"end":{"line":183,"column":null}},"71":{"start":{"line":183,"column":36},"end":{"line":183,"column":61}},"72":{"start":{"line":184,"column":4},"end":{"line":184,"column":null}},"73":{"start":{"line":185,"column":4},"end":{"line":185,"column":null}},"74":{"start":{"line":186,"column":4},"end":{"line":186,"column":null}},"75":{"start":{"line":187,"column":4},"end":{"line":187,"column":null}},"76":{"start":{"line":188,"column":4},"end":{"line":188,"column":null}},"77":{"start":{"line":192,"column":16},"end":{"line":192,"column":null}},"78":{"start":{"line":193,"column":18},"end":{"line":193,"column":null}},"79":{"start":{"line":194,"column":10},"end":{"line":194,"column":null}},"80":{"start":{"line":195,"column":17},"end":{"line":195,"column":null}},"81":{"start":{"line":197,"column":4},"end":{"line":217,"column":null}},"82":{"start":{"line":198,"column":22},"end":{"line":204,"column":null}},"83":{"start":{"line":205,"column":6},"end":{"line":208,"column":null}},"84":{"start":{"line":205,"column":21},"end":{"line":205,"column":55}},"85":{"start":{"line":206,"column":8},"end":{"line":206,"column":null}},"86":{"start":{"line":207,"column":8},"end":{"line":207,"column":null}},"87":{"start":{"line":209,"column":30},"end":{"line":214,"column":null}},"88":{"start":{"line":215,"column":6},"end":{"line":215,"column":null}},"89":{"start":{"line":216,"column":6},"end":{"line":216,"column":null}},"90":{"start":{"line":219,"column":4},"end":{"line":219,"column":null}},"91":{"start":{"line":220,"column":4},"end":{"line":220,"column":null}},"92":{"start":{"line":222,"column":4},"end":{"line":228,"column":null}},"93":{"start":{"line":223,"column":6},"end":{"line":223,"column":null}},"94":{"start":{"line":224,"column":4},"end":{"line":228,"column":null}},"95":{"start":{"line":225,"column":6},"end":{"line":225,"column":null}},"96":{"start":{"line":227,"column":6},"end":{"line":227,"column":null}},"97":{"start":{"line":229,"column":4},"end":{"line":231,"column":null}},"98":{"start":{"line":230,"column":6},"end":{"line":230,"column":null}},"99":{"start":{"line":234,"column":19},"end":{"line":237,"column":null}},"100":{"start":{"line":235,"column":4},"end":{"line":235,"column":null}},"101":{"start":{"line":236,"column":4},"end":{"line":236,"column":null}},"102":{"start":{"line":238,"column":21},"end":{"line":241,"column":null}},"103":{"start":{"line":239,"column":4},"end":{"line":239,"column":null}},"104":{"start":{"line":240,"column":4},"end":{"line":240,"column":null}},"105":{"start":{"line":242,"column":21},"end":{"line":245,"column":null}},"106":{"start":{"line":243,"column":4},"end":{"line":243,"column":null}},"107":{"start":{"line":244,"column":4},"end":{"line":244,"column":null}},"108":{"start":{"line":247,"column":51},"end":{"line":257,"column":null}},"109":{"start":{"line":259,"column":18},"end":{"line":262,"column":null}},"110":{"start":{"line":260,"column":4},"end":{"line":260,"column":null}},"111":{"start":{"line":264,"column":8},"end":{"line":279,"column":null}},"112":{"start":{"line":281,"column":2},"end":{"line":466,"column":null}},"113":{"start":{"line":296,"column":31},"end":{"line":296,"column":null}},"114":{"start":{"line":351,"column":20},"end":{"line":370,"column":null}},"115":{"start":{"line":353,"column":24},"end":{"line":368,"column":null}},"116":{"start":{"line":376,"column":22},"end":{"line":393,"column":null}},"117":{"start":{"line":378,"column":26},"end":{"line":391,"column":null}},"118":{"start":{"line":423,"column":10},"end":{"line":423,"column":null}},"119":{"start":{"line":424,"column":10},"end":{"line":424,"column":null}},"120":{"start":{"line":424,"column":18},"end":{"line":424,"column":null}},"121":{"start":{"line":435,"column":10},"end":{"line":435,"column":null}},"122":{"start":{"line":436,"column":10},"end":{"line":436,"column":null}},"123":{"start":{"line":436,"column":18},"end":{"line":436,"column":null}},"124":{"start":{"line":443,"column":10},"end":{"line":443,"column":null}},"125":{"start":{"line":444,"column":10},"end":{"line":444,"column":null}},"126":{"start":{"line":444,"column":18},"end":{"line":444,"column":null}}},"fnMap":{"0":{"name":"OrdersPage","decl":{"start":{"line":57,"column":24},"end":{"line":57,"column":37}},"loc":{"start":{"line":57,"column":37},"end":{"line":468,"column":null}},"line":57},"1":{"name":"(anonymous_1)","decl":{"start":{"line":63,"column":8},"end":{"line":63,"column":9}},"loc":{"start":{"line":63,"column":20},"end":{"line":63,"column":62}},"line":63},"2":{"name":"(anonymous_2)","decl":{"start":{"line":86,"column":18},"end":{"line":86,"column":24}},"loc":{"start":{"line":86,"column":24},"end":{"line":88,"column":5}},"line":86},"3":{"name":"(anonymous_3)","decl":{"start":{"line":90,"column":37},"end":{"line":90,"column":43}},"loc":{"start":{"line":90,"column":43},"end":{"line":111,"column":5}},"line":90},"4":{"name":"(anonymous_4)","decl":{"start":{"line":91,"column":23},"end":{"line":91,"column":24}},"loc":{"start":{"line":91,"column":30},"end":{"line":110,"column":5}},"line":91},"5":{"name":"resetAdvancedFilters","decl":{"start":{"line":120,"column":11},"end":{"line":120,"column":34}},"loc":{"start":{"line":120,"column":34},"end":{"line":125,"column":null}},"line":120},"6":{"name":"handleAdd","decl":{"start":{"line":127,"column":11},"end":{"line":127,"column":21}},"loc":{"start":{"line":127,"column":55},"end":{"line":150,"column":null}},"line":127},"7":{"name":"(anonymous_7)","decl":{"start":{"line":136,"column":18},"end":{"line":136,"column":19}},"loc":{"start":{"line":136,"column":19},"end":{"line":136,"column":53}},"line":136},"8":{"name":"(anonymous_8)","decl":{"start":{"line":143,"column":38},"end":{"line":143,"column":39}},"loc":{"start":{"line":143,"column":45},"end":{"line":143,"column":53}},"line":143},"9":{"name":"handleEdit","decl":{"start":{"line":152,"column":11},"end":{"line":152,"column":22}},"loc":{"start":{"line":152,"column":56},"end":{"line":179,"column":null}},"line":152},"10":{"name":"(anonymous_10)","decl":{"start":{"line":162,"column":18},"end":{"line":162,"column":19}},"loc":{"start":{"line":162,"column":19},"end":{"line":162,"column":70}},"line":162},"11":{"name":"(anonymous_11)","decl":{"start":{"line":164,"column":26},"end":{"line":164,"column":27}},"loc":{"start":{"line":165,"column":6},"end":{"line":172,"column":null}},"line":165},"12":{"name":"(anonymous_12)","decl":{"start":{"line":170,"column":44},"end":{"line":170,"column":45}},"loc":{"start":{"line":170,"column":51},"end":{"line":170,"column":59}},"line":170},"13":{"name":"handleDelete","decl":{"start":{"line":181,"column":11},"end":{"line":181,"column":26}},"loc":{"start":{"line":181,"column":26},"end":{"line":189,"column":null}},"line":181},"14":{"name":"(anonymous_14)","decl":{"start":{"line":183,"column":29},"end":{"line":183,"column":30}},"loc":{"start":{"line":183,"column":36},"end":{"line":183,"column":61}},"line":183},"15":{"name":"handleImport","decl":{"start":{"line":191,"column":11},"end":{"line":191,"column":24}},"loc":{"start":{"line":191,"column":48},"end":{"line":232,"column":null}},"line":191},"16":{"name":"(anonymous_16)","decl":{"start":{"line":205,"column":20},"end":{"line":205,"column":21}},"loc":{"start":{"line":205,"column":21},"end":{"line":205,"column":55}},"line":205},"17":{"name":"(anonymous_17)","decl":{"start":{"line":234,"column":37},"end":{"line":234,"column":38}},"loc":{"start":{"line":234,"column":55},"end":{"line":237,"column":5}},"line":234},"18":{"name":"(anonymous_18)","decl":{"start":{"line":238,"column":39},"end":{"line":238,"column":40}},"loc":{"start":{"line":238,"column":57},"end":{"line":241,"column":5}},"line":238},"19":{"name":"(anonymous_19)","decl":{"start":{"line":242,"column":39},"end":{"line":242,"column":40}},"loc":{"start":{"line":242,"column":57},"end":{"line":245,"column":5}},"line":242},"20":{"name":"(anonymous_20)","decl":{"start":{"line":260,"column":4},"end":{"line":260,"column":10}},"loc":{"start":{"line":260,"column":4},"end":{"line":260,"column":null}},"line":260},"21":{"name":"(anonymous_21)","decl":{"start":{"line":296,"column":25},"end":{"line":296,"column":31}},"loc":{"start":{"line":296,"column":31},"end":{"line":296,"column":null}},"line":296},"22":{"name":"(anonymous_22)","decl":{"start":{"line":350,"column":47},"end":{"line":350,"column":48}},"loc":{"start":{"line":351,"column":20},"end":{"line":370,"column":null}},"line":351},"23":{"name":"(anonymous_23)","decl":{"start":{"line":352,"column":47},"end":{"line":352,"column":48}},"loc":{"start":{"line":353,"column":24},"end":{"line":368,"column":null}},"line":353},"24":{"name":"(anonymous_24)","decl":{"start":{"line":375,"column":49},"end":{"line":375,"column":50}},"loc":{"start":{"line":376,"column":22},"end":{"line":393,"column":null}},"line":376},"25":{"name":"(anonymous_25)","decl":{"start":{"line":377,"column":51},"end":{"line":377,"column":52}},"loc":{"start":{"line":378,"column":26},"end":{"line":391,"column":null}},"line":378},"26":{"name":"(anonymous_26)","decl":{"start":{"line":422,"column":22},"end":{"line":422,"column":23}},"loc":{"start":{"line":422,"column":29},"end":{"line":425,"column":null}},"line":422},"27":{"name":"(anonymous_27)","decl":{"start":{"line":434,"column":22},"end":{"line":434,"column":23}},"loc":{"start":{"line":434,"column":29},"end":{"line":437,"column":null}},"line":434},"28":{"name":"(anonymous_28)","decl":{"start":{"line":442,"column":22},"end":{"line":442,"column":23}},"loc":{"start":{"line":442,"column":29},"end":{"line":445,"column":null}},"line":442}},"branchMap":{"0":{"loc":{"start":{"line":92,"column":6},"end":{"line":96,"column":null}},"type":"if","locations":[{"start":{"line":92,"column":6},"end":{"line":96,"column":null}},{"start":{},"end":{}}],"line":92},"1":{"loc":{"start":{"line":92,"column":10},"end":{"line":92,"column":30}},"type":"binary-expr","locations":[{"start":{"line":92,"column":10},"end":{"line":92,"column":22}},{"start":{"line":92,"column":22},"end":{"line":92,"column":30}}],"line":92},"2":{"loc":{"start":{"line":94,"column":8},"end":{"line":94,"column":null}},"type":"if","locations":[{"start":{"line":94,"column":8},"end":{"line":94,"column":null}},{"start":{},"end":{}}],"line":94},"3":{"loc":{"start":{"line":94,"column":12},"end":{"line":94,"column":50}},"type":"binary-expr","locations":[{"start":{"line":94,"column":12},"end":{"line":94,"column":24}},{"start":{"line":94,"column":24},"end":{"line":94,"column":50}}],"line":94},"4":{"loc":{"start":{"line":95,"column":8},"end":{"line":95,"column":null}},"type":"if","locations":[{"start":{"line":95,"column":8},"end":{"line":95,"column":null}},{"start":{},"end":{}}],"line":95},"5":{"loc":{"start":{"line":95,"column":12},"end":{"line":95,"column":44}},"type":"binary-expr","locations":[{"start":{"line":95,"column":12},"end":{"line":95,"column":22}},{"start":{"line":95,"column":22},"end":{"line":95,"column":44}}],"line":95},"6":{"loc":{"start":{"line":97,"column":6},"end":{"line":101,"column":null}},"type":"if","locations":[{"start":{"line":97,"column":6},"end":{"line":101,"column":null}},{"start":{},"end":{}}],"line":97},"7":{"loc":{"start":{"line":98,"column":8},"end":{"line":99,"column":null}},"type":"binary-expr","locations":[{"start":{"line":98,"column":8},"end":{"line":98,"column":null}},{"start":{"line":99,"column":8},"end":{"line":99,"column":null}}],"line":98},"8":{"loc":{"start":{"line":102,"column":6},"end":{"line":108,"column":null}},"type":"if","locations":[{"start":{"line":102,"column":6},"end":{"line":108,"column":null}},{"start":{},"end":{}}],"line":102},"9":{"loc":{"start":{"line":103,"column":8},"end":{"line":106,"column":null}},"type":"binary-expr","locations":[{"start":{"line":103,"column":8},"end":{"line":103,"column":null}},{"start":{"line":104,"column":8},"end":{"line":106,"column":null}}],"line":103},"10":{"loc":{"start":{"line":114,"column":4},"end":{"line":117,"column":null}},"type":"binary-expr","locations":[{"start":{"line":114,"column":4},"end":{"line":114,"column":null}},{"start":{"line":115,"column":4},"end":{"line":115,"column":null}},{"start":{"line":116,"column":4},"end":{"line":116,"column":null}},{"start":{"line":117,"column":4},"end":{"line":117,"column":null}}],"line":114},"11":{"loc":{"start":{"line":136,"column":4},"end":{"line":137,"column":null}},"type":"if","locations":[{"start":{"line":136,"column":4},"end":{"line":137,"column":null}},{"start":{},"end":{}}],"line":136},"12":{"loc":{"start":{"line":142,"column":10},"end":{"line":142,"column":null}},"type":"cond-expr","locations":[{"start":{"line":142,"column":25},"end":{"line":142,"column":51}},{"start":{"line":142,"column":51},"end":{"line":142,"column":null}}],"line":142},"13":{"loc":{"start":{"line":143,"column":14},"end":{"line":143,"column":34}},"type":"binary-expr","locations":[{"start":{"line":143,"column":14},"end":{"line":143,"column":30}},{"start":{"line":143,"column":30},"end":{"line":143,"column":34}}],"line":143},"14":{"loc":{"start":{"line":153,"column":4},"end":{"line":153,"column":null}},"type":"if","locations":[{"start":{"line":153,"column":4},"end":{"line":153,"column":null}},{"start":{},"end":{}}],"line":153},"15":{"loc":{"start":{"line":162,"column":4},"end":{"line":163,"column":null}},"type":"if","locations":[{"start":{"line":162,"column":4},"end":{"line":163,"column":null}},{"start":{},"end":{}}],"line":162},"16":{"loc":{"start":{"line":165,"column":6},"end":{"line":172,"column":null}},"type":"cond-expr","locations":[{"start":{"line":166,"column":10},"end":{"line":171,"column":null}},{"start":{"line":172,"column":10},"end":{"line":172,"column":null}}],"line":165},"17":{"loc":{"start":{"line":169,"column":19},"end":{"line":169,"column":null}},"type":"binary-expr","locations":[{"start":{"line":169,"column":19},"end":{"line":169,"column":35}},{"start":{"line":169,"column":35},"end":{"line":169,"column":null}}],"line":169},"18":{"loc":{"start":{"line":170,"column":20},"end":{"line":170,"column":40}},"type":"binary-expr","locations":[{"start":{"line":170,"column":20},"end":{"line":170,"column":36}},{"start":{"line":170,"column":36},"end":{"line":170,"column":40}}],"line":170},"19":{"loc":{"start":{"line":182,"column":4},"end":{"line":182,"column":null}},"type":"if","locations":[{"start":{"line":182,"column":4},"end":{"line":182,"column":null}},{"start":{},"end":{}}],"line":182},"20":{"loc":{"start":{"line":199,"column":20},"end":{"line":199,"column":null}},"type":"binary-expr","locations":[{"start":{"line":199,"column":20},"end":{"line":199,"column":38}},{"start":{"line":199,"column":38},"end":{"line":199,"column":null}}],"line":199},"21":{"loc":{"start":{"line":200,"column":16},"end":{"line":200,"column":null}},"type":"binary-expr","locations":[{"start":{"line":200,"column":16},"end":{"line":200,"column":30}},{"start":{"line":200,"column":30},"end":{"line":200,"column":null}}],"line":200},"22":{"loc":{"start":{"line":201,"column":21},"end":{"line":201,"column":null}},"type":"binary-expr","locations":[{"start":{"line":201,"column":21},"end":{"line":201,"column":40}},{"start":{"line":201,"column":40},"end":{"line":201,"column":null}}],"line":201},"23":{"loc":{"start":{"line":202,"column":14},"end":{"line":202,"column":null}},"type":"binary-expr","locations":[{"start":{"line":202,"column":14},"end":{"line":202,"column":26}},{"start":{"line":202,"column":26},"end":{"line":202,"column":null}}],"line":202},"24":{"loc":{"start":{"line":203,"column":16},"end":{"line":203,"column":null}},"type":"binary-expr","locations":[{"start":{"line":203,"column":16},"end":{"line":203,"column":30}},{"start":{"line":203,"column":30},"end":{"line":203,"column":null}}],"line":203},"25":{"loc":{"start":{"line":205,"column":6},"end":{"line":208,"column":null}},"type":"if","locations":[{"start":{"line":205,"column":6},"end":{"line":208,"column":null}},{"start":{},"end":{}}],"line":205},"26":{"loc":{"start":{"line":212,"column":16},"end":{"line":212,"column":null}},"type":"binary-expr","locations":[{"start":{"line":212,"column":16},"end":{"line":212,"column":30}},{"start":{"line":212,"column":30},"end":{"line":212,"column":null}}],"line":212},"27":{"loc":{"start":{"line":213,"column":12},"end":{"line":213,"column":null}},"type":"cond-expr","locations":[{"start":{"line":213,"column":24},"end":{"line":213,"column":47}},{"start":{"line":213,"column":47},"end":{"line":213,"column":null}}],"line":213},"28":{"loc":{"start":{"line":222,"column":4},"end":{"line":228,"column":null}},"type":"if","locations":[{"start":{"line":222,"column":4},"end":{"line":228,"column":null}},{"start":{"line":224,"column":4},"end":{"line":228,"column":null}}],"line":222},"29":{"loc":{"start":{"line":222,"column":8},"end":{"line":222,"column":36}},"type":"binary-expr","locations":[{"start":{"line":222,"column":8},"end":{"line":222,"column":21}},{"start":{"line":222,"column":21},"end":{"line":222,"column":36}}],"line":222},"30":{"loc":{"start":{"line":224,"column":4},"end":{"line":228,"column":null}},"type":"if","locations":[{"start":{"line":224,"column":4},"end":{"line":228,"column":null}},{"start":{"line":226,"column":11},"end":{"line":228,"column":null}}],"line":224},"31":{"loc":{"start":{"line":224,"column":15},"end":{"line":224,"column":41}},"type":"binary-expr","locations":[{"start":{"line":224,"column":15},"end":{"line":224,"column":28}},{"start":{"line":224,"column":28},"end":{"line":224,"column":41}}],"line":224},"32":{"loc":{"start":{"line":229,"column":4},"end":{"line":231,"column":null}},"type":"if","locations":[{"start":{"line":229,"column":4},"end":{"line":231,"column":null}},{"start":{},"end":{}}],"line":229},"33":{"loc":{"start":{"line":247,"column":51},"end":{"line":257,"column":null}},"type":"cond-expr","locations":[{"start":{"line":248,"column":6},"end":{"line":256,"column":null}},{"start":{"line":257,"column":6},"end":{"line":257,"column":null}}],"line":247},"34":{"loc":{"start":{"line":253,"column":16},"end":{"line":253,"column":null}},"type":"binary-expr","locations":[{"start":{"line":253,"column":16},"end":{"line":253,"column":39}},{"start":{"line":253,"column":39},"end":{"line":253,"column":null}}],"line":253},"35":{"loc":{"start":{"line":254,"column":15},"end":{"line":254,"column":null}},"type":"binary-expr","locations":[{"start":{"line":254,"column":15},"end":{"line":254,"column":37}},{"start":{"line":254,"column":37},"end":{"line":254,"column":null}}],"line":254},"36":{"loc":{"start":{"line":255,"column":15},"end":{"line":255,"column":null}},"type":"binary-expr","locations":[{"start":{"line":255,"column":15},"end":{"line":255,"column":37}},{"start":{"line":255,"column":37},"end":{"line":255,"column":null}}],"line":255},"37":{"loc":{"start":{"line":357,"column":28},"end":{"line":359,"column":null}},"type":"cond-expr","locations":[{"start":{"line":358,"column":32},"end":{"line":358,"column":null}},{"start":{"line":359,"column":32},"end":{"line":359,"column":null}}],"line":357},"38":{"loc":{"start":{"line":362,"column":27},"end":{"line":367,"column":null}},"type":"cond-expr","locations":[{"start":{"line":363,"column":30},"end":{"line":363,"column":null}},{"start":{"line":363,"column":30},"end":{"line":367,"column":null}}],"line":362},"39":{"loc":{"start":{"line":374,"column":19},"end":{"line":403,"column":null}},"type":"cond-expr","locations":[{"start":{"line":375,"column":20},"end":{"line":394,"column":null}},{"start":{"line":396,"column":20},"end":{"line":403,"column":null}}],"line":374},"40":{"loc":{"start":{"line":382,"column":30},"end":{"line":384,"column":null}},"type":"cond-expr","locations":[{"start":{"line":383,"column":34},"end":{"line":383,"column":null}},{"start":{"line":384,"column":34},"end":{"line":384,"column":null}}],"line":382},"41":{"loc":{"start":{"line":424,"column":10},"end":{"line":424,"column":null}},"type":"if","locations":[{"start":{"line":424,"column":10},"end":{"line":424,"column":null}},{"start":{},"end":{}}],"line":424},"42":{"loc":{"start":{"line":436,"column":10},"end":{"line":436,"column":null}},"type":"if","locations":[{"start":{"line":436,"column":10},"end":{"line":436,"column":null}},{"start":{},"end":{}}],"line":436},"43":{"loc":{"start":{"line":444,"column":10},"end":{"line":444,"column":null}},"type":"if","locations":[{"start":{"line":444,"column":10},"end":{"line":444,"column":null}},{"start":{},"end":{}}],"line":444},"44":{"loc":{"start":{"line":448,"column":10},"end":{"line":458,"column":null}},"type":"cond-expr","locations":[{"start":{"line":449,"column":12},"end":{"line":456,"column":null}},{"start":{"line":458,"column":12},"end":{"line":458,"column":null}}],"line":448}},"s":{"0":92,"1":92,"2":92,"3":92,"4":460,"5":92,"6":92,"7":92,"8":92,"9":92,"10":92,"11":92,"12":92,"13":92,"14":92,"15":92,"16":92,"17":92,"18":92,"19":92,"20":92,"21":92,"22":23,"23":92,"24":64,"25":32,"26":2,"27":2,"28":1,"29":1,"30":1,"31":30,"32":2,"33":28,"34":1,"35":27,"36":92,"37":1,"38":1,"39":1,"40":1,"41":5,"42":5,"43":5,"44":1,"45":1,"46":4,"47":3,"48":5,"49":5,"50":5,"51":5,"52":5,"53":2,"54":0,"55":2,"56":2,"57":2,"58":3,"59":1,"60":1,"61":1,"62":0,"63":1,"64":1,"65":1,"66":1,"67":1,"68":2,"69":0,"70":2,"71":2,"72":2,"73":2,"74":2,"75":2,"76":2,"77":5,"78":5,"79":5,"80":5,"81":5,"82":6,"83":6,"84":5,"85":3,"86":3,"87":3,"88":6,"89":6,"90":5,"91":5,"92":5,"93":2,"94":3,"95":1,"96":2,"97":5,"98":3,"99":92,"100":2,"101":2,"102":92,"103":2,"104":2,"105":92,"106":1,"107":1,"108":92,"109":92,"110":92,"111":92,"112":92,"113":5,"114":92,"115":92,"116":44,"117":44,"118":0,"119":0,"120":0,"121":0,"122":0,"123":0,"124":0,"125":0,"126":0},"f":{"0":92,"1":460,"2":23,"3":64,"4":32,"5":1,"6":5,"7":1,"8":3,"9":2,"10":3,"11":1,"12":0,"13":2,"14":2,"15":5,"16":5,"17":2,"18":2,"19":1,"20":92,"21":5,"22":92,"23":92,"24":44,"25":44,"26":0,"27":0,"28":0},"b":{"0":[2,30],"1":[32,31],"2":[1,1],"3":[2,1],"4":[1,0],"5":[1,1],"6":[2,28],"7":[30,2],"8":[1,27],"9":[28,1],"10":[92,90,88,84],"11":[1,4],"12":[1,3],"13":[5,0],"14":[0,2],"15":[1,1],"16":[1,0],"17":[1,0],"18":[1,0],"19":[0,2],"20":[6,0],"21":[6,0],"22":[6,0],"23":[6,0],"24":[6,0],"25":[3,3],"26":[3,0],"27":[0,3],"28":[2,3],"29":[5,3],"30":[1,2],"31":[3,1],"32":[3,2],"33":[2,90],"34":[2,0],"35":[2,2],"36":[2,2],"37":[0,92],"38":[0,92],"39":[40,52],"40":[0,44],"41":[0,0],"42":[0,0],"43":[0,0],"44":[2,90]},"meta":{"lastBranch":45,"lastFunction":29,"lastStatement":127,"seen":{"f:57:24:57:37":0,"s:58:12:58:Infinity":0,"s:59:14:59:Infinity":1,"s:60:8:60:Infinity":2,"s:62:4:63:Infinity":3,"f:63:8:63:9":1,"s:63:20:63:62":4,"s:64:26:64:Infinity":5,"s:65:32:65:Infinity":6,"s:66:44:68:Infinity":7,"s:70:4:70:Infinity":8,"s:72:32:72:Infinity":9,"s:73:34:73:Infinity":10,"s:74:42:74:Infinity":11,"s:75:38:75:Infinity":12,"s:76:44:76:Infinity":13,"s:77:38:77:Infinity":14,"s:78:40:78:Infinity":15,"s:79:38:79:Infinity":16,"s:81:34:81:Infinity":17,"s:82:30:82:Infinity":18,"s:83:42:83:Infinity":19,"s:84:52:84:Infinity":20,"s:86:2:88:Infinity":21,"f:86:18:86:24":2,"s:87:4:87:Infinity":22,"s:90:23:111:Infinity":23,"f:90:37:90:43":3,"s:91:4:110:Infinity":24,"f:91:23:91:24":4,"b:92:6:96:Infinity:undefined:undefined:undefined:undefined":0,"s:92:6:96:Infinity":25,"b:92:10:92:22:92:22:92:30":1,"s:93:14:93:Infinity":26,"b:94:8:94:Infinity:undefined:undefined:undefined:undefined":2,"s:94:8:94:Infinity":27,"b:94:12:94:24:94:24:94:50":3,"s:94:50:94:Infinity":28,"b:95:8:95:Infinity:undefined:undefined:undefined:undefined":4,"s:95:8:95:Infinity":29,"b:95:12:95:22:95:22:95:44":5,"s:95:44:95:Infinity":30,"b:97:6:101:Infinity:undefined:undefined:undefined:undefined":6,"s:97:6:101:Infinity":31,"b:98:8:98:Infinity:99:8:99:Infinity":7,"s:101:8:101:Infinity":32,"b:102:6:108:Infinity:undefined:undefined:undefined:undefined":8,"s:102:6:108:Infinity":33,"b:103:8:103:Infinity:104:8:106:Infinity":9,"s:108:8:108:Infinity":34,"s:109:6:109:Infinity":35,"s:113:28:117:Infinity":36,"b:114:4:114:Infinity:115:4:115:Infinity:116:4:116:Infinity:117:4:117:Infinity":10,"f:120:11:120:34":5,"s:121:4:121:Infinity":37,"s:122:4:122:Infinity":38,"s:123:4:123:Infinity":39,"s:124:4:124:Infinity":40,"f:127:11:127:21":6,"s:128:10:128:Infinity":41,"s:129:20:135:Infinity":42,"b:136:4:137:Infinity:undefined:undefined:undefined:undefined":11,"s:136:4:137:Infinity":43,"f:136:18:136:19":7,"s:136:19:136:53":44,"s:137:6:137:Infinity":45,"s:138:21:144:Infinity":46,"b:142:25:142:51:142:51:142:Infinity":12,"b:143:14:143:30:143:30:143:34":13,"f:143:38:143:39":8,"s:143:45:143:53":47,"s:145:17:145:Infinity":48,"s:146:4:146:Infinity":49,"s:147:4:147:Infinity":50,"s:148:4:148:Infinity":51,"s:149:4:149:Infinity":52,"f:152:11:152:22":9,"b:153:4:153:Infinity:undefined:undefined:undefined:undefined":14,"s:153:4:153:Infinity":53,"s:153:23:153:Infinity":54,"s:154:10:154:Infinity":55,"s:155:20:161:Infinity":56,"b:162:4:163:Infinity:undefined:undefined:undefined:undefined":15,"s:162:4:163:Infinity":57,"f:162:18:162:19":10,"s:162:19:162:70":58,"s:163:6:163:Infinity":59,"s:164:17:173:Infinity":60,"f:164:26:164:27":11,"s:165:6:172:Infinity":61,"b:166:10:171:Infinity:172:10:172:Infinity":16,"b:169:19:169:35:169:35:169:Infinity":17,"b:170:20:170:36:170:36:170:40":18,"f:170:44:170:45":12,"s:170:51:170:59":62,"s:174:4:174:Infinity":63,"s:175:4:175:Infinity":64,"s:176:4:176:Infinity":65,"s:177:4:177:Infinity":66,"s:178:4:178:Infinity":67,"f:181:11:181:26":13,"b:182:4:182:Infinity:undefined:undefined:undefined:undefined":19,"s:182:4:182:Infinity":68,"s:182:24:182:Infinity":69,"s:183:17:183:Infinity":70,"f:183:29:183:30":14,"s:183:36:183:61":71,"s:184:4:184:Infinity":72,"s:185:4:185:Infinity":73,"s:186:4:186:Infinity":74,"s:187:4:187:Infinity":75,"s:188:4:188:Infinity":76,"f:191:11:191:24":15,"s:192:16:192:Infinity":77,"s:193:18:193:Infinity":78,"s:194:10:194:Infinity":79,"s:195:17:195:Infinity":80,"s:197:4:217:Infinity":81,"s:198:22:204:Infinity":82,"b:199:20:199:38:199:38:199:Infinity":20,"b:200:16:200:30:200:30:200:Infinity":21,"b:201:21:201:40:201:40:201:Infinity":22,"b:202:14:202:26:202:26:202:Infinity":23,"b:203:16:203:30:203:30:203:Infinity":24,"b:205:6:208:Infinity:undefined:undefined:undefined:undefined":25,"s:205:6:208:Infinity":83,"f:205:20:205:21":16,"s:205:21:205:55":84,"s:206:8:206:Infinity":85,"s:207:8:207:Infinity":86,"s:209:30:214:Infinity":87,"b:212:16:212:30:212:30:212:Infinity":26,"b:213:24:213:47:213:47:213:Infinity":27,"s:215:6:215:Infinity":88,"s:216:6:216:Infinity":89,"s:219:4:219:Infinity":90,"s:220:4:220:Infinity":91,"b:222:4:228:Infinity:224:4:228:Infinity":28,"s:222:4:228:Infinity":92,"b:222:8:222:21:222:21:222:36":29,"s:223:6:223:Infinity":93,"b:224:4:228:Infinity:226:11:228:Infinity":30,"s:224:4:228:Infinity":94,"b:224:15:224:28:224:28:224:41":31,"s:225:6:225:Infinity":95,"s:227:6:227:Infinity":96,"b:229:4:231:Infinity:undefined:undefined:undefined:undefined":32,"s:229:4:231:Infinity":97,"s:230:6:230:Infinity":98,"s:234:19:237:Infinity":99,"f:234:37:234:38":17,"s:235:4:235:Infinity":100,"s:236:4:236:Infinity":101,"s:238:21:241:Infinity":102,"f:238:39:238:40":18,"s:239:4:239:Infinity":103,"s:240:4:240:Infinity":104,"s:242:21:245:Infinity":105,"f:242:39:242:40":19,"s:243:4:243:Infinity":106,"s:244:4:244:Infinity":107,"s:247:51:257:Infinity":108,"b:248:6:256:Infinity:257:6:257:Infinity":33,"b:253:16:253:39:253:39:253:Infinity":34,"b:254:15:254:37:254:37:254:Infinity":35,"b:255:15:255:37:255:37:255:Infinity":36,"s:259:18:262:Infinity":109,"f:260:4:260:10":20,"s:260:4:260:Infinity":110,"s:264:8:279:Infinity":111,"s:281:2:466:Infinity":112,"f:296:25:296:31":21,"s:296:31:296:Infinity":113,"f:350:47:350:48":22,"s:351:20:370:Infinity":114,"f:352:47:352:48":23,"s:353:24:368:Infinity":115,"b:358:32:358:Infinity:359:32:359:Infinity":37,"b:363:30:363:Infinity:363:30:367:Infinity":38,"b:375:20:394:Infinity:396:20:403:Infinity":39,"f:375:49:375:50":24,"s:376:22:393:Infinity":116,"f:377:51:377:52":25,"s:378:26:391:Infinity":117,"b:383:34:383:Infinity:384:34:384:Infinity":40,"f:422:22:422:23":26,"s:423:10:423:Infinity":118,"b:424:10:424:Infinity:undefined:undefined:undefined:undefined":41,"s:424:10:424:Infinity":119,"s:424:18:424:Infinity":120,"f:434:22:434:23":27,"s:435:10:435:Infinity":121,"b:436:10:436:Infinity:undefined:undefined:undefined:undefined":42,"s:436:10:436:Infinity":122,"s:436:18:436:Infinity":123,"f:442:22:442:23":28,"s:443:10:443:Infinity":124,"b:444:10:444:Infinity:undefined:undefined:undefined:undefined":43,"s:444:10:444:Infinity":125,"s:444:18:444:Infinity":126,"b:449:12:456:Infinity:458:12:458:Infinity":44}}}
,"D:\\Proiecte\\Transmarin-Logistic\\src\\modules\\transport\\pages\\_components\\order-utils.ts": {"path":"D:\\Proiecte\\Transmarin-Logistic\\src\\modules\\transport\\pages\\_components\\order-utils.ts","statementMap":{"0":{"start":{"line":13,"column":2},"end":{"line":19,"column":null}},"1":{"start":{"line":23,"column":2},"end":{"line":23,"column":null}},"2":{"start":{"line":23,"column":80},"end":{"line":23,"column":null}},"3":{"start":{"line":24,"column":2},"end":{"line":24,"column":null}},"4":{"start":{"line":28,"column":2},"end":{"line":32,"column":null}},"5":{"start":{"line":29,"column":4},"end":{"line":29,"column":null}},"6":{"start":{"line":31,"column":4},"end":{"line":31,"column":null}},"7":{"start":{"line":36,"column":2},"end":{"line":36,"column":null}},"8":{"start":{"line":40,"column":2},"end":{"line":40,"column":null}},"9":{"start":{"line":54,"column":2},"end":{"line":54,"column":null}},"10":{"start":{"line":54,"column":46},"end":{"line":54,"column":null}},"11":{"start":{"line":55,"column":2},"end":{"line":60,"column":null}}},"fnMap":{"0":{"name":"getStatusMeta","decl":{"start":{"line":12,"column":16},"end":{"line":12,"column":30}},"loc":{"start":{"line":12,"column":68},"end":{"line":20,"column":null}},"line":12},"1":{"name":"safeRandomId","decl":{"start":{"line":22,"column":16},"end":{"line":22,"column":31}},"loc":{"start":{"line":22,"column":31},"end":{"line":25,"column":null}},"line":22},"2":{"name":"setOrdersToStorage","decl":{"start":{"line":27,"column":16},"end":{"line":27,"column":35}},"loc":{"start":{"line":27,"column":52},"end":{"line":33,"column":null}},"line":27},"3":{"name":"norm","decl":{"start":{"line":35,"column":9},"end":{"line":35,"column":14}},"loc":{"start":{"line":35,"column":25},"end":{"line":37,"column":null}},"line":35},"4":{"name":"round2","decl":{"start":{"line":39,"column":9},"end":{"line":39,"column":16}},"loc":{"start":{"line":39,"column":27},"end":{"line":41,"column":null}},"line":39},"5":{"name":"isDuplicateOrder","decl":{"start":{"line":43,"column":16},"end":{"line":43,"column":null}},"loc":{"start":{"line":53,"column":2},"end":{"line":62,"column":null}},"line":53}},"branchMap":{"0":{"loc":{"start":{"line":23,"column":2},"end":{"line":23,"column":null}},"type":"if","locations":[{"start":{"line":23,"column":2},"end":{"line":23,"column":null}},{"start":{},"end":{}}],"line":23},"1":{"loc":{"start":{"line":23,"column":6},"end":{"line":23,"column":80}},"type":"binary-expr","locations":[{"start":{"line":23,"column":6},"end":{"line":23,"column":39}},{"start":{"line":23,"column":39},"end":{"line":23,"column":80}}],"line":23},"2":{"loc":{"start":{"line":54,"column":2},"end":{"line":54,"column":null}},"type":"if","locations":[{"start":{"line":54,"column":2},"end":{"line":54,"column":null}},{"start":{},"end":{}}],"line":54},"3":{"loc":{"start":{"line":54,"column":6},"end":{"line":54,"column":46}},"type":"binary-expr","locations":[{"start":{"line":54,"column":6},"end":{"line":54,"column":19}},{"start":{"line":54,"column":19},"end":{"line":54,"column":46}}],"line":54},"4":{"loc":{"start":{"line":56,"column":4},"end":{"line":60,"column":null}},"type":"binary-expr","locations":[{"start":{"line":56,"column":4},"end":{"line":56,"column":null}},{"start":{"line":57,"column":4},"end":{"line":57,"column":null}},{"start":{"line":58,"column":4},"end":{"line":58,"column":null}},{"start":{"line":59,"column":4},"end":{"line":59,"column":null}},{"start":{"line":60,"column":4},"end":{"line":60,"column":null}}],"line":56},"5":{"loc":{"start":{"line":60,"column":18},"end":{"line":60,"column":38}},"type":"binary-expr","locations":[{"start":{"line":60,"column":18},"end":{"line":60,"column":37}},{"start":{"line":60,"column":37},"end":{"line":60,"column":38}}],"line":60}},"s":{"0":92,"1":7,"2":7,"3":0,"4":12,"5":12,"6":0,"7":34,"8":10,"9":9,"10":2,"11":7},"f":{"0":92,"1":7,"2":12,"3":34,"4":10,"5":9},"b":{"0":[7,0],"1":[7,7],"2":[2,7],"3":[9,3],"4":[7,5,5,5,5],"5":[5,0]},"meta":{"lastBranch":6,"lastFunction":6,"lastStatement":12,"seen":{"f:12:16:12:30":0,"s:13:2:19:Infinity":0,"f:22:16:22:31":1,"b:23:2:23:Infinity:undefined:undefined:undefined:undefined":0,"s:23:2:23:Infinity":1,"b:23:6:23:39:23:39:23:80":1,"s:23:80:23:Infinity":2,"s:24:2:24:Infinity":3,"f:27:16:27:35":2,"s:28:2:32:Infinity":4,"s:29:4:29:Infinity":5,"s:31:4:31:Infinity":6,"f:35:9:35:14":3,"s:36:2:36:Infinity":7,"f:39:9:39:16":4,"s:40:2:40:Infinity":8,"f:43:16:43:Infinity":5,"b:54:2:54:Infinity:undefined:undefined:undefined:undefined":2,"s:54:2:54:Infinity":9,"b:54:6:54:19:54:19:54:46":3,"s:54:46:54:Infinity":10,"s:55:2:60:Infinity":11,"b:56:4:56:Infinity:57:4:57:Infinity:58:4:58:Infinity:59:4:59:Infinity:60:4:60:Infinity":4,"b:60:18:60:37:60:37:60:38":5}}}
,"D:\\Proiecte\\Transmarin-Logistic\\src\\utils\\local-storage.ts": {"path":"D:\\Proiecte\\Transmarin-Logistic\\src\\utils\\local-storage.ts","statementMap":{"0":{"start":{"line":13,"column":2},"end":{"line":19,"column":null}},"1":{"start":{"line":14,"column":16},"end":{"line":14,"column":null}},"2":{"start":{"line":15,"column":4},"end":{"line":15,"column":null}},"3":{"start":{"line":15,"column":14},"end":{"line":15,"column":null}},"4":{"start":{"line":16,"column":4},"end":{"line":16,"column":null}},"5":{"start":{"line":18,"column":4},"end":{"line":18,"column":null}},"6":{"start":{"line":26,"column":2},"end":{"line":26,"column":null}},"7":{"start":{"line":33,"column":21},"end":{"line":33,"column":null}},"8":{"start":{"line":34,"column":2},"end":{"line":34,"column":null}},"9":{"start":{"line":35,"column":2},"end":{"line":35,"column":null}},"10":{"start":{"line":46,"column":21},"end":{"line":46,"column":null}},"11":{"start":{"line":47,"column":18},"end":{"line":49,"column":null}},"12":{"start":{"line":48,"column":4},"end":{"line":48,"column":null}},"13":{"start":{"line":50,"column":2},"end":{"line":50,"column":null}},"14":{"start":{"line":60,"column":21},"end":{"line":60,"column":null}},"15":{"start":{"line":61,"column":2},"end":{"line":64,"column":null}},"16":{"start":{"line":63,"column":32},"end":{"line":63,"column":48}},"17":{"start":{"line":74,"column":2},"end":{"line":74,"column":null}},"18":{"start":{"line":81,"column":2},"end":{"line":81,"column":null}},"19":{"start":{"line":89,"column":2},"end":{"line":91,"column":null}},"20":{"start":{"line":90,"column":4},"end":{"line":90,"column":null}}},"fnMap":{"0":{"name":"getCollection","decl":{"start":{"line":12,"column":16},"end":{"line":12,"column":33}},"loc":{"start":{"line":12,"column":51},"end":{"line":20,"column":null}},"line":12},"1":{"name":"setCollection","decl":{"start":{"line":25,"column":16},"end":{"line":25,"column":33}},"loc":{"start":{"line":25,"column":63},"end":{"line":27,"column":null}},"line":25},"2":{"name":"addItem","decl":{"start":{"line":32,"column":16},"end":{"line":32,"column":27}},"loc":{"start":{"line":32,"column":55},"end":{"line":36,"column":null}},"line":32},"3":{"name":"updateItem","decl":{"start":{"line":41,"column":16},"end":{"line":41,"column":null}},"loc":{"start":{"line":45,"column":8},"end":{"line":51,"column":null}},"line":45},"4":{"name":"(anonymous_4)","decl":{"start":{"line":47,"column":33},"end":{"line":47,"column":34}},"loc":{"start":{"line":48,"column":4},"end":{"line":48,"column":null}},"line":48},"5":{"name":"removeItem","decl":{"start":{"line":56,"column":16},"end":{"line":56,"column":null}},"loc":{"start":{"line":59,"column":8},"end":{"line":65,"column":null}},"line":59},"6":{"name":"(anonymous_6)","decl":{"start":{"line":63,"column":22},"end":{"line":63,"column":23}},"loc":{"start":{"line":63,"column":32},"end":{"line":63,"column":48}},"line":63},"7":{"name":"findItem","decl":{"start":{"line":70,"column":16},"end":{"line":70,"column":null}},"loc":{"start":{"line":73,"column":17},"end":{"line":75,"column":null}},"line":73},"8":{"name":"generateId","decl":{"start":{"line":80,"column":16},"end":{"line":80,"column":37}},"loc":{"start":{"line":80,"column":37},"end":{"line":82,"column":null}},"line":80},"9":{"name":"initCollection","decl":{"start":{"line":88,"column":16},"end":{"line":88,"column":34}},"loc":{"start":{"line":88,"column":71},"end":{"line":92,"column":null}},"line":88}},"branchMap":{"0":{"loc":{"start":{"line":15,"column":4},"end":{"line":15,"column":null}},"type":"if","locations":[{"start":{"line":15,"column":4},"end":{"line":15,"column":null}},{"start":{},"end":{}}],"line":15},"1":{"loc":{"start":{"line":48,"column":4},"end":{"line":48,"column":null}},"type":"cond-expr","locations":[{"start":{"line":48,"column":22},"end":{"line":48,"column":38}},{"start":{"line":48,"column":38},"end":{"line":48,"column":null}}],"line":48},"2":{"loc":{"start":{"line":89,"column":2},"end":{"line":91,"column":null}},"type":"if","locations":[{"start":{"line":89,"column":2},"end":{"line":91,"column":null}},{"start":{},"end":{}}],"line":89}},"s":{"0":28,"1":28,"2":28,"3":11,"4":17,"5":0,"6":0,"7":0,"8":0,"9":0,"10":0,"11":0,"12":0,"13":0,"14":0,"15":0,"16":0,"17":0,"18":0,"19":0,"20":0},"f":{"0":28,"1":0,"2":0,"3":0,"4":0,"5":0,"6":0,"7":0,"8":0,"9":0},"b":{"0":[11,17],"1":[0,0],"2":[0,0]},"meta":{"lastBranch":3,"lastFunction":10,"lastStatement":21,"seen":{"f:12:16:12:33":0,"s:13:2:19:Infinity":0,"s:14:16:14:Infinity":1,"b:15:4:15:Infinity:undefined:undefined:undefined:undefined":0,"s:15:4:15:Infinity":2,"s:15:14:15:Infinity":3,"s:16:4:16:Infinity":4,"s:18:4:18:Infinity":5,"f:25:16:25:33":1,"s:26:2:26:Infinity":6,"f:32:16:32:27":2,"s:33:21:33:Infinity":7,"s:34:2:34:Infinity":8,"s:35:2:35:Infinity":9,"f:41:16:41:Infinity":3,"s:46:21:46:Infinity":10,"s:47:18:49:Infinity":11,"f:47:33:47:34":4,"s:48:4:48:Infinity":12,"b:48:22:48:38:48:38:48:Infinity":1,"s:50:2:50:Infinity":13,"f:56:16:56:Infinity":5,"s:60:21:60:Infinity":14,"s:61:2:64:Infinity":15,"f:63:22:63:23":6,"s:63:32:63:48":16,"f:70:16:70:Infinity":7,"s:74:2:74:Infinity":17,"f:80:16:80:37":8,"s:81:2:81:Infinity":18,"f:88:16:88:34":9,"b:89:2:91:Infinity:undefined:undefined:undefined:undefined":2,"s:89:2:91:Infinity":19,"s:90:4:90:Infinity":20}}}
}
